#
# A fatal error has been detected by the Java Runtime Environment:
#
#  SIGSEGV (0xb) at pc=0x00007fa21b36f4d3, pid=6982, tid=0x00007fa259ba4700
#
# JRE version: Java(TM) SE Runtime Environment (8.0_181-b13) (build 1.8.0_181-b13)
# Java VM: Java HotSpot(TM) 64-Bit Server VM (25.181-b13 mixed mode linux-amd64 compressed oops)
# Problematic frame:
# C  [i965_dri.so+0x1a04d3]
#
# Core dump written. Default location: /home/oakenbow/Dev/Projects/CSIS-335-Projects/Program3MultipleScenes/core or core.6982
#
# If you would like to submit a bug report, please visit:
#   http://bugreport.java.com/bugreport/crash.jsp
# The crash happened outside the Java Virtual Machine in native code.
# See problematic frame for where to report the bug.
#

---------------  T H R E A D  ---------------

Current thread (0x00007fa274314800):  JavaThread "QuantumRenderer-0" daemon [_thread_in_native, id=7012, stack(0x00007fa259aa4000,0x00007fa259ba5000)]

siginfo: si_signo: 11 (SIGSEGV), si_code: 1 (SEGV_MAPERR), si_addr: 0x0000000000000068

Registers:
RAX=0x0000000000000000, RBX=0x0000000000000000, RCX=0x00007fa2218eec40, RDX=0x00007fa2218ae2e0
RSP=0x00007fa259ba2f70, RBP=0x0000000000000000, RSI=0x00007fa259ba3070, RDI=0x00007fa2202d7400
R8 =0x0000000000000000, R9 =0x0000000000000001, R10=0x00007fa2218f4a20, R11=0x0000000000000001
R12=0x00007fa2218a0b30, R13=0x00007fa2202da588, R14=0x0000000000000000, R15=0x00007fa2202d7400
RIP=0x00007fa21b36f4d3, EFLAGS=0x0000000000010246, CSGSFS=0x002b000000000033, ERR=0x0000000000000004
  TRAPNO=0x000000000000000e

Top of Stack: (sp=0x00007fa259ba2f70)
0x00007fa259ba2f70:   00000000ffffffff 0000000000000000
0x00007fa259ba2f80:   00007fa2218a0b30 00007fa21b36f9ee
0x00007fa259ba2f90:   00007fa21b930657 00007fa21b36f977
0x00007fa259ba2fa0:   0000000100000000 00000001218d7fa0
0x00007fa259ba2fb0:   00000000000000c7 0000000000000000
0x00007fa259ba2fc0:   0100000000000000 00007fa259ba3070
0x00007fa259ba2fd0:   0000000000000000 0000000000000000
0x00007fa259ba2fe0:   0000000000000000 96cd6cb8d0bd5f00
0x00007fa259ba2ff0:   00007fa259ba30e0 0000000000000000
0x00007fa259ba3000:   0000000000000000 0000000000000001
0x00007fa259ba3010:   00007fa259ba30e0 00007fa2202d7400
0x00007fa259ba3020:   0000000000000001 00007fa21b36fe32
0x00007fa259ba3030:   0000000000000000 00007fa259ba3100
0x00007fa259ba3040:   00007fa259ba3070 0000000000000003
0x00007fa259ba3050:   0000000000000000 0000000000000000
0x00007fa259ba3060:   0000000000000001 000000001b394599
0x00007fa259ba3070:   0000000000000000 96cd6cb8d0bd5f00
0x00007fa259ba3080:   0000000000001403 00007fa220316e90
0x00007fa259ba3090:   0000000000000000 0000000000000006
0x00007fa259ba30a0:   0000000000001403 0000000000000000
0x00007fa259ba30b0:   00007fa259ba3201 00007fa21b60f109
0x00007fa259ba30c0:   0000000000000003 0000000000000000
0x00007fa259ba30d0:   0000000000000000 0000000000000000
0x00007fa259ba30e0:   0000000200000006 00007fa220316e90
0x00007fa259ba30f0:   0000000000000000 00007fa200000000
0x00007fa259ba3100:   0000000000000704 0000000000000006
0x00007fa259ba3110:   0000000000000001 0000000000000000
0x00007fa259ba3120:   00007fa274314800 96cd6cb8d0bd5f00
0x00007fa259ba3130:   00007fa2202d7400 00007fa2202d7400
0x00007fa259ba3140:   0000000000000004 00007fa21b60ff2c
0x00007fa259ba3150:   0000000000001403 0000000000000000
0x00007fa259ba3160:   0000000000000000 0000000000000001 

Instructions: (pc=0x00007fa21b36f4d3)
0x00007fa21b36f4b3:   01 41 39 c3 76 47 49 8b 8c c2 e8 03 00 00 48 85
0x00007fa21b36f4c3:   c9 74 ea 81 79 04 78 56 34 12 75 e1 48 8b 69 68
0x00007fa21b36f4d3:   48 39 55 68 75 d7 8b 89 80 00 00 00 44 39 c1 72
0x00007fa21b36f4e3:   cc 44 39 c9 73 c7 c6 04 06 01 48 83 c0 01 bb 01 

Register to memory mapping:

RAX=0x0000000000000000 is an unknown value
RBX=0x0000000000000000 is an unknown value
RCX=0x00007fa2218eec40 is an unknown value
RDX=0x00007fa2218ae2e0 is an unknown value
RSP=0x00007fa259ba2f70 is pointing into the stack for thread: 0x00007fa274314800
RBP=0x0000000000000000 is an unknown value
RSI=0x00007fa259ba3070 is pointing into the stack for thread: 0x00007fa274314800
RDI=0x00007fa2202d7400 is an unknown value
R8 =0x0000000000000000 is an unknown value
R9 =0x0000000000000001 is an unknown value
R10=0x00007fa2218f4a20 is an unknown value
R11=0x0000000000000001 is an unknown value
R12=0x00007fa2218a0b30 is an unknown value
R13=0x00007fa2202da588 is an unknown value
R14=0x0000000000000000 is an unknown value
R15=0x00007fa2202d7400 is an unknown value


Stack: [0x00007fa259aa4000,0x00007fa259ba5000],  sp=0x00007fa259ba2f70,  free space=1019k
Native frames: (J=compiled Java code, j=interpreted, Vv=VM code, C=native code)
C  [i965_dri.so+0x1a04d3]

Java frames: (J=compiled Java code, j=interpreted, Vv=VM code)
J 1406  com.sun.prism.es2.GLContext.nDrawIndexedQuads(JI[F[B)V (0 bytes) @ 0x00007fa265476f2c [0x00007fa265476ec0+0x6c]
J 1338 C1 com.sun.prism.es2.ES2Context.renderQuads([F[BI)V (11 bytes) @ 0x00007fa26544a59c [0x00007fa26544a440+0x15c]
J 1064 C1 com.sun.prism.impl.BaseContext.flushVertexBuffer()V (8 bytes) @ 0x00007fa2653b76c4 [0x00007fa2653b7320+0x3a4]
j  com.sun.prism.es2.ES2SwapChain.drawTexture(Lcom/sun/prism/es2/ES2Graphics;Lcom/sun/prism/RTTexture;FFFFFFFF)V+68
j  com.sun.prism.es2.ES2SwapChain.prepare(Lcom/sun/javafx/geom/Rectangle;)Z+146
J 2065 C1 com.sun.javafx.tk.quantum.PresentingPainter.run()V (675 bytes) @ 0x00007fa2655ebbe4 [0x00007fa2655e9b60+0x2084]
j  java.util.concurrent.Executors$RunnableAdapter.call()Ljava/lang/Object;+4
j  java.util.concurrent.FutureTask.runAndReset()Z+47
j  com.sun.javafx.tk.RenderJob.run()V+1
j  java.util.concurrent.ThreadPoolExecutor.runWorker(Ljava/util/concurrent/ThreadPoolExecutor$Worker;)V+95
j  java.util.concurrent.ThreadPoolExecutor$Worker.run()V+5
j  com.sun.javafx.tk.quantum.QuantumRenderer$PipelineRunnable.run()V+8
j  java.lang.Thread.run()V+11
v  ~StubRoutines::call_stub

---------------  P R O C E S S  ---------------

Java Threads: ( => current thread )
  0x00007fa210159800 JavaThread "Prism Font Disposer" daemon [_thread_blocked, id=7018, stack(0x00007fa2180ba000,0x00007fa2181bb000)]
  0x00007fa2743a8800 JavaThread "JavaFX-Launcher" [_thread_blocked, id=7017, stack(0x00007fa218b5a000,0x00007fa218c5b000)]
  0x00007fa2743a5000 JavaThread "JavaFX Application Thread" [_thread_blocked, id=7015, stack(0x00007fa21959d000,0x00007fa21969e000)]
  0x00007fa2743a0000 JavaThread "Thread-1" daemon [_thread_blocked, id=7014, stack(0x00007fa21969e000,0x00007fa21979f000)]
=>0x00007fa274314800 JavaThread "QuantumRenderer-0" daemon [_thread_in_native, id=7012, stack(0x00007fa259aa4000,0x00007fa259ba5000)]
  0x00007fa2741fe800 JavaThread "Service Thread" daemon [_thread_blocked, id=7010, stack(0x00007fa259d3b000,0x00007fa259e3c000)]
  0x00007fa2741fc000 JavaThread "C1 CompilerThread2" daemon [_thread_blocked, id=7009, stack(0x00007fa259e3d000,0x00007fa259f3d000)]
  0x00007fa2741f9800 JavaThread "C2 CompilerThread1" daemon [_thread_in_native, id=7007, stack(0x00007fa259f3e000,0x00007fa25a03e000)]
  0x00007fa2741f8000 JavaThread "C2 CompilerThread0" daemon [_thread_blocked, id=7005, stack(0x00007fa25a256000,0x00007fa25a356000)]
  0x00007fa2741f6800 JavaThread "Monitor Ctrl-Break" daemon [_thread_in_native, id=7004, stack(0x00007fa25a356000,0x00007fa25a457000)]
  0x00007fa274180000 JavaThread "Signal Dispatcher" daemon [_thread_blocked, id=6999, stack(0x00007fa25a457000,0x00007fa25a558000)]
  0x00007fa27414c800 JavaThread "Finalizer" daemon [_thread_blocked, id=6998, stack(0x00007fa25a83d000,0x00007fa25a93e000)]
  0x00007fa27414a000 JavaThread "Reference Handler" daemon [_thread_blocked, id=6997, stack(0x00007fa25a93e000,0x00007fa25aa3f000)]
  0x00007fa27400c000 JavaThread "main" [_thread_blocked, id=6983, stack(0x00007fa278e01000,0x00007fa278f01000)]

Other Threads:
  0x00007fa274140800 VMThread [stack: 0x00007fa25aa40000,0x00007fa25ab40000] [id=6994]
  0x00007fa274204000 WatcherThread [stack: 0x00007fa259c3b000,0x00007fa259d3b000] [id=7011]

VM state:not at safepoint (normal execution)

VM Mutex/Monitor currently owned by a thread: None

Heap:
 PSYoungGen      total 36864K, used 33531K [0x00000000d7100000, 0x00000000db900000, 0x0000000100000000)
  eden space 31744K, 92% used [0x00000000d7100000,0x00000000d8dceca0,0x00000000d9000000)
  from space 5120K, 78% used [0x00000000d9000000,0x00000000d93f0040,0x00000000d9500000)
  to   space 5120K, 0% used [0x00000000db400000,0x00000000db400000,0x00000000db900000)
 ParOldGen       total 84992K, used 8K [0x0000000085200000, 0x000000008a500000, 0x00000000d7100000)
  object space 84992K, 0% used [0x0000000085200000,0x0000000085202000,0x000000008a500000)
 Metaspace       used 16822K, capacity 17942K, committed 18048K, reserved 1064960K
  class space    used 2431K, capacity 2650K, committed 2688K, reserved 1048576K

Card table byte_map: [0x00007fa264c28000,0x00007fa265000000] byte_map_base: 0x00007fa2647ff000

Marking Bits: (ParMarkBitMap*) 0x00007fa27a05a0a0
 Begin Bits: [0x00007fa260925000, 0x00007fa2627dd000)
 End Bits:   [0x00007fa2627dd000, 0x00007fa264695000)

Polling page: 0x00007fa27a4ba000

CodeCache: size=245760Kb used=7831Kb max_used=7850Kb free=237928Kb
 bounds [0x00007fa265000000, 0x00007fa2657c0000, 0x00007fa274000000]
 total_blobs=3184 nmethods=2544 adapters=551
 compilation: enabled

Compilation events (10 events):
Event: 187.903 Thread 0x00007fa2741fc000 2666       3       javafx.scene.layout.CornerRadii::getBottomRightHorizontalRadius (5 bytes)
Event: 187.903 Thread 0x00007fa2741fc000 nmethod 2666 0x00007fa26579e1d0 code [0x00007fa26579e320, 0x00007fa26579e470]
Event: 187.903 Thread 0x00007fa2741fc000 2670       3       com.sun.javafx.geom.RectBounds::isEmpty (30 bytes)
Event: 187.903 Thread 0x00007fa2741fc000 nmethod 2670 0x00007fa26579dd90 code [0x00007fa26579df00, 0x00007fa26579e150]
Event: 187.903 Thread 0x00007fa2741fc000 2667       3       javafx.scene.layout.CornerRadii::getBottomRightVerticalRadius (5 bytes)
Event: 187.903 Thread 0x00007fa2741fc000 nmethod 2667 0x00007fa26579da50 code [0x00007fa26579dba0, 0x00007fa26579dcf0]
Event: 187.903 Thread 0x00007fa2741fc000 2668       3       javafx.scene.layout.CornerRadii::getBottomLeftVerticalRadius (5 bytes)
Event: 187.903 Thread 0x00007fa2741fc000 nmethod 2668 0x00007fa26579d710 code [0x00007fa26579d860, 0x00007fa26579d9b0]
Event: 187.903 Thread 0x00007fa2741fc000 2669       3       javafx.scene.layout.CornerRadii::getBottomLeftHorizontalRadius (5 bytes)
Event: 187.903 Thread 0x00007fa2741fc000 nmethod 2669 0x00007fa26579d3d0 code [0x00007fa26579d520, 0x00007fa26579d670]

GC Heap History (2 events):
Event: 1.133 GC heap before
{Heap before GC invocations=1 (full 0):
 PSYoungGen      total 36864K, used 31744K [0x00000000d7100000, 0x00000000d9a00000, 0x0000000100000000)
  eden space 31744K, 100% used [0x00000000d7100000,0x00000000d9000000,0x00000000d9000000)
  from space 5120K, 0% used [0x00000000d9500000,0x00000000d9500000,0x00000000d9a00000)
  to   space 5120K, 0% used [0x00000000d9000000,0x00000000d9000000,0x00000000d9500000)
 ParOldGen       total 84992K, used 0K [0x0000000085200000, 0x000000008a500000, 0x00000000d7100000)
  object space 84992K, 0% used [0x0000000085200000,0x0000000085200000,0x000000008a500000)
 Metaspace       used 12426K, capacity 13026K, committed 13312K, reserved 1060864K
  class space    used 1792K, capacity 1925K, committed 2048K, reserved 1048576K
Event: 1.164 GC heap after
Heap after GC invocations=1 (full 0):
 PSYoungGen      total 36864K, used 4032K [0x00000000d7100000, 0x00000000db900000, 0x0000000100000000)
  eden space 31744K, 0% used [0x00000000d7100000,0x00000000d7100000,0x00000000d9000000)
  from space 5120K, 78% used [0x00000000d9000000,0x00000000d93f0040,0x00000000d9500000)
  to   space 5120K, 0% used [0x00000000db400000,0x00000000db400000,0x00000000db900000)
 ParOldGen       total 84992K, used 8K [0x0000000085200000, 0x000000008a500000, 0x00000000d7100000)
  object space 84992K, 0% used [0x0000000085200000,0x0000000085202000,0x000000008a500000)
 Metaspace       used 12426K, capacity 13026K, committed 13312K, reserved 1060864K
  class space    used 1792K, capacity 1925K, committed 2048K, reserved 1048576K
}

Deoptimization events (10 events):
Event: 186.646 Thread 0x00007fa2743a5000 Uncommon trap: reason=class_check action=maybe_recompile pc=0x00007fa2654c371c method=javafx.animation.Animation.impl_timePulse(J)V @ 13
Event: 186.660 Thread 0x00007fa2743a5000 Uncommon trap: reason=class_check action=maybe_recompile pc=0x00007fa2654c371c method=javafx.animation.Animation.impl_timePulse(J)V @ 13
Event: 186.692 Thread 0x00007fa2743a5000 Uncommon trap: reason=class_check action=maybe_recompile pc=0x00007fa265254620 method=sun.misc.URLClassPath.getLoader(I)Lsun/misc/URLClassPath$Loader; @ 239
Event: 186.718 Thread 0x00007fa274314800 Uncommon trap: reason=bimorphic action=maybe_recompile pc=0x00007fa26519292c method=com.sun.javafx.geom.transform.Affine3D.concatenate(Lcom/sun/javafx/geom/transform/BaseTransform;)V @ 4
Event: 187.656 Thread 0x00007fa2743a5000 Uncommon trap: reason=unstable_if action=reinterpret pc=0x00007fa265429b18 method=java.lang.StrictMath.floorOrCeil(DDDD)D @ 24
Event: 187.685 Thread 0x00007fa2743a5000 Uncommon trap: reason=class_check action=maybe_recompile pc=0x00007fa2654b3eb0 method=javafx.scene.Scene.getRoot()Ljavafx/scene/Parent; @ 18
Event: 187.690 Thread 0x00007fa2743a5000 Uncommon trap: reason=unstable_if action=reinterpret pc=0x00007fa2656edff0 method=com.sun.javafx.css.BitSet.add(Ljava/lang/Object;)Z @ 91
Event: 187.809 Thread 0x00007fa2743a5000 Uncommon trap: reason=class_check action=maybe_recompile pc=0x00007fa2654b3eb0 method=javafx.scene.Scene.getRoot()Ljavafx/scene/Parent; @ 18
Event: 187.882 Thread 0x00007fa2743a5000 Uncommon trap: reason=unstable_if action=reinterpret pc=0x00007fa2654686ec method=java.util.concurrent.locks.ReentrantLock$NonfairSync.lock()V @ 6
Event: 187.902 Thread 0x00007fa274314800 Uncommon trap: reason=unstable_if action=reinterpret pc=0x00007fa26543eb64 method=com.sun.javafx.geom.RectBounds.isEmpty()Z @ 21

Classes redefined (0 events):
No events

Internal exceptions (10 events):
Event: 0.311 Thread 0x00007fa27400c000 Exception <a 'java/lang/NoSuchFieldError': method resolution failed> (0x00000000d74df8b0) thrown at [/HUDSON/workspace/8-2-build-linux-amd64/jdk8u181/11358/hotspot/src/share/vm/prims/methodHandles.cpp, line 1167]
Event: 0.314 Thread 0x00007fa27400c000 Exception <a 'java/lang/NoSuchFieldError': method resolution failed> (0x00000000d74ed4d0) thrown at [/HUDSON/workspace/8-2-build-linux-amd64/jdk8u181/11358/hotspot/src/share/vm/prims/methodHandles.cpp, line 1167]
Event: 0.336 Thread 0x00007fa27400c000 Exception <a 'java/security/PrivilegedActionException'> (0x00000000d7598c70) thrown at [/HUDSON/workspace/8-2-build-linux-amd64/jdk8u181/11358/hotspot/src/share/vm/prims/jvm.cpp, line 1435]
Event: 0.336 Thread 0x00007fa27400c000 Exception <a 'java/security/PrivilegedActionException'> (0x00000000d7598e80) thrown at [/HUDSON/workspace/8-2-build-linux-amd64/jdk8u181/11358/hotspot/src/share/vm/prims/jvm.cpp, line 1435]
Event: 0.337 Thread 0x00007fa27400c000 Exception <a 'java/security/PrivilegedActionException'> (0x00000000d759b1a8) thrown at [/HUDSON/workspace/8-2-build-linux-amd64/jdk8u181/11358/hotspot/src/share/vm/prims/jvm.cpp, line 1435]
Event: 0.337 Thread 0x00007fa27400c000 Exception <a 'java/security/PrivilegedActionException'> (0x00000000d759b3b8) thrown at [/HUDSON/workspace/8-2-build-linux-amd64/jdk8u181/11358/hotspot/src/share/vm/prims/jvm.cpp, line 1435]
Event: 0.337 Thread 0x00007fa27400c000 Exception <a 'java/lang/NullPointerException'> (0x00000000d759bdc0) thrown at [/HUDSON/workspace/8-2-build-linux-amd64/jdk8u181/11358/hotspot/src/share/vm/interpreter/linkResolver.cpp, line 1185]
Event: 0.656 Thread 0x00007fa2743a5000 Exception <a 'java/lang/NullPointerException'> (0x00000000d80b4ab8) thrown at [/HUDSON/workspace/8-2-build-linux-amd64/jdk8u181/11358/hotspot/src/share/vm/interpreter/linkResolver.cpp, line 1185]
Event: 0.656 Thread 0x00007fa2743a5000 Exception <a 'java/lang/NullPointerException'> (0x00000000d80b4ab8) thrown at [/HUDSON/workspace/8-2-build-linux-amd64/jdk8u181/11358/hotspot/src/share/vm/prims/jvm.cpp, line 1439]
Event: 1.310 Thread 0x00007fa2743a5000 Implicit null exception at 0x00007fa26532cb6e to 0x00007fa26532e32d

Events (10 events):
Event: 187.882 Thread 0x00007fa2743a5000 DEOPT UNPACKING pc=0x00007fa26504573a sp=0x00007fa21969ae38 mode 2
Event: 187.883 loading class com/sun/prism/impl/shape/BasicRoundRectRep
Event: 187.883 loading class com/sun/prism/impl/shape/BasicRoundRectRep done
Event: 187.883 loading class com/sun/prism/impl/shape/BasicShapeRep
Event: 187.883 loading class com/sun/prism/impl/shape/BasicShapeRep done
Event: 187.884 loading class com/sun/prism/shader/Solid_Color_Loader
Event: 187.884 loading class com/sun/prism/shader/Solid_Color_Loader done
Event: 187.902 Thread 0x00007fa274314800 Uncommon trap: trap_request=0xffffff65 fr.pc=0x00007fa26543eb64
Event: 187.902 Thread 0x00007fa274314800 DEOPT PACKING pc=0x00007fa26543eb64 sp=0x00007fa259ba0350
Event: 187.902 Thread 0x00007fa274314800 DEOPT UNPACKING pc=0x00007fa26504573a sp=0x00007fa259ba0300 mode 2


Dynamic libraries:
00400000-00401000 r-xp 00000000 08:06 403336                             /usr/lib/jvm/java-8-jdk/jre/bin/java
00600000-00601000 rw-p 00000000 08:06 403336                             /usr/lib/jvm/java-8-jdk/jre/bin/java
01d2c000-01d4d000 rw-p 00000000 00:00 0                                  [heap]
85200000-8a500000 rw-p 00000000 00:00 0 
8a500000-d7100000 ---p 00000000 00:00 0 
d7100000-db900000 rw-p 00000000 00:00 0 
db900000-100000000 ---p 00000000 00:00 0 
100000000-1002a0000 rw-p 00000000 00:00 0 
1002a0000-140000000 ---p 00000000 00:00 0 
7fa1e8000000-7fa1ec000000 rw-s 00000000 00:05 203492                     /memfd:pulseaudio (deleted)
7fa1ec000000-7fa1f0000000 rw-s 00000000 00:05 17316                      /memfd:pulseaudio (deleted)
7fa1f0000000-7fa1f4000000 rw-s 00000000 00:05 203490                     /memfd:pulseaudio (deleted)
7fa1f4000000-7fa1f4021000 rw-p 00000000 00:00 0 
7fa1f4021000-7fa1f8000000 ---p 00000000 00:00 0 
7fa1f8000000-7fa1fc000000 rw-s 00000000 00:05 203490                     /memfd:pulseaudio (deleted)
7fa1fc000000-7fa1fc021000 rw-p 00000000 00:00 0 
7fa1fc021000-7fa200000000 ---p 00000000 00:00 0 
7fa201142000-7fa2011ef000 r--p 00000000 08:06 145745                     /usr/share/fonts/TTF/DejaVuSans-Bold.ttf
7fa2011ef000-7fa2012ef000 rw-p 00000000 00:00 0 
7fa2012ef000-7fa2013ef000 ---p 00000000 00:00 0 
7fa2013ef000-7fa2013f9000 rw-s 00000000 00:18 201593                     /i915 (deleted)
7fa2013f9000-7fa2015b9000 rw-s 100265000 00:06 10945                     /dev/dri/card0
7fa2015b9000-7fa201779000 rw-s 00000000 00:18 203824                     /i915 (deleted)
7fa201779000-7fa201979000 rw-p 00000000 00:00 0 
7fa201979000-7fa20197a000 ---p 00000000 00:00 0 
7fa20197a000-7fa20217a000 rw-p 00000000 00:00 0 
7fa20217a000-7fa202199000 r-xp 00000000 08:06 2770262                    /usr/lib/libgpg-error.so.0.24.3
7fa202199000-7fa202398000 ---p 0001f000 08:06 2770262                    /usr/lib/libgpg-error.so.0.24.3
7fa202398000-7fa202399000 r--p 0001e000 08:06 2770262                    /usr/lib/libgpg-error.so.0.24.3
7fa202399000-7fa20239a000 rw-p 0001f000 08:06 2770262                    /usr/lib/libgpg-error.so.0.24.3
7fa20239a000-7fa202427000 r-xp 00000000 08:06 2788795                    /usr/lib/libvorbisenc.so.2.0.11
7fa202427000-7fa202626000 ---p 0008d000 08:06 2788795                    /usr/lib/libvorbisenc.so.2.0.11
7fa202626000-7fa202642000 r--p 0008c000 08:06 2788795                    /usr/lib/libvorbisenc.so.2.0.11
7fa202642000-7fa202643000 rw-p 000a8000 08:06 2788795                    /usr/lib/libvorbisenc.so.2.0.11
7fa202643000-7fa2026b9000 r-xp 00000000 08:06 2788779                    /usr/lib/libFLAC.so.8.3.0
7fa2026b9000-7fa2028b9000 ---p 00076000 08:06 2788779                    /usr/lib/libFLAC.so.8.3.0
7fa2028b9000-7fa2028ba000 r--p 00076000 08:06 2788779                    /usr/lib/libFLAC.so.8.3.0
7fa2028ba000-7fa2028bb000 rw-p 00077000 08:06 2788779                    /usr/lib/libFLAC.so.8.3.0
7fa2028bb000-7fa2029d1000 r-xp 00000000 08:06 2770289                    /usr/lib/libgcrypt.so.20.2.3
7fa2029d1000-7fa202bd0000 ---p 00116000 08:06 2770289                    /usr/lib/libgcrypt.so.20.2.3
7fa202bd0000-7fa202bd2000 r--p 00115000 08:06 2770289                    /usr/lib/libgcrypt.so.20.2.3
7fa202bd2000-7fa202bd7000 rw-p 00117000 08:06 2770289                    /usr/lib/libgcrypt.so.20.2.3
7fa202bd7000-7fa202bf3000 r-xp 00000000 08:06 2771505                    /usr/lib/liblz4.so.1.8.2
7fa202bf3000-7fa202df2000 ---p 0001c000 08:06 2771505                    /usr/lib/liblz4.so.1.8.2
7fa202df2000-7fa202df3000 r--p 0001b000 08:06 2771505                    /usr/lib/liblz4.so.1.8.2
7fa202df3000-7fa202df4000 rw-p 0001c000 08:06 2771505                    /usr/lib/liblz4.so.1.8.2
7fa202df4000-7fa202e19000 r-xp 00000000 08:06 2770309                    /usr/lib/liblzma.so.5.2.4
7fa202e19000-7fa203018000 ---p 00025000 08:06 2770309                    /usr/lib/liblzma.so.5.2.4
7fa203018000-7fa203019000 r--p 00024000 08:06 2770309                    /usr/lib/liblzma.so.5.2.4
7fa203019000-7fa20301a000 rw-p 00025000 08:06 2770309                    /usr/lib/liblzma.so.5.2.4
7fa20301a000-7fa20301f000 r-xp 00000000 08:06 2788743                    /usr/lib/libasyncns.so.0.3.1
7fa20301f000-7fa20321e000 ---p 00005000 08:06 2788743                    /usr/lib/libasyncns.so.0.3.1
7fa20321e000-7fa20321f000 r--p 00004000 08:06 2788743                    /usr/lib/libasyncns.so.0.3.1
7fa20321f000-7fa203220000 rw-p 00005000 08:06 2788743                    /usr/lib/libasyncns.so.0.3.1
7fa203220000-7fa203293000 r-xp 00000000 08:06 2788803                    /usr/lib/libsndfile.so.1.0.28
7fa203293000-7fa203492000 ---p 00073000 08:06 2788803                    /usr/lib/libsndfile.so.1.0.28
7fa203492000-7fa203495000 r--p 00072000 08:06 2788803                    /usr/lib/libsndfile.so.1.0.28
7fa203495000-7fa203496000 rw-p 00075000 08:06 2788803                    /usr/lib/libsndfile.so.1.0.28
7fa203496000-7fa203498000 rw-p 00000000 00:00 0 
7fa203498000-7fa2034a7000 r--p 00000000 08:06 2804933                    /usr/lib/libsystemd.so.0.23.0
7fa2034a7000-7fa203502000 r-xp 0000f000 08:06 2804933                    /usr/lib/libsystemd.so.0.23.0
7fa203502000-7fa20351f000 r--p 0006a000 08:06 2804933                    /usr/lib/libsystemd.so.0.23.0
7fa20351f000-7fa203522000 r--p 00086000 08:06 2804933                    /usr/lib/libsystemd.so.0.23.0
7fa203522000-7fa203523000 rw-p 00089000 08:06 2804933                    /usr/lib/libsystemd.so.0.23.0
7fa203523000-7fa203524000 rw-p 00000000 00:00 0 
7fa203524000-7fa2035a4000 r-xp 00000000 08:06 2788874                    /usr/lib/pulseaudio/libpulsecommon-12.2.so
7fa2035a4000-7fa2037a4000 ---p 00080000 08:06 2788874                    /usr/lib/pulseaudio/libpulsecommon-12.2.so
7fa2037a4000-7fa2037a6000 r--p 00080000 08:06 2788874                    /usr/lib/pulseaudio/libpulsecommon-12.2.so
7fa2037a6000-7fa2037a7000 rw-p 00082000 08:06 2788874                    /usr/lib/pulseaudio/libpulsecommon-12.2.so
7fa2037a7000-7fa2037f6000 r-xp 00000000 08:06 2788869                    /usr/lib/libpulse.so.0.20.3
7fa2037f6000-7fa2039f5000 ---p 0004f000 08:06 2788869                    /usr/lib/libpulse.so.0.20.3
7fa2039f5000-7fa2039f7000 r--p 0004e000 08:06 2788869                    /usr/lib/libpulse.so.0.20.3
7fa2039f7000-7fa2039f8000 rw-p 00050000 08:06 2788869                    /usr/lib/libpulse.so.0.20.3
7fa2039f8000-7fa2039ff000 r-xp 00000000 08:06 2904384                    /usr/lib/libcanberra-0.30/libcanberra-pulse.so
7fa2039ff000-7fa203bfe000 ---p 00007000 08:06 2904384                    /usr/lib/libcanberra-0.30/libcanberra-pulse.so
7fa203bfe000-7fa203bff000 r--p 00006000 08:06 2904384                    /usr/lib/libcanberra-0.30/libcanberra-pulse.so
7fa203bff000-7fa203c00000 rw-p 00007000 08:06 2904384                    /usr/lib/libcanberra-0.30/libcanberra-pulse.so
7fa203c00000-7fa203e00000 rw-p 00000000 00:00 0 
7fa203e00000-7fa204000000 rw-p 00000000 00:00 0 
7fa204000000-7fa204021000 rw-p 00000000 00:00 0 
7fa204021000-7fa208000000 ---p 00000000 00:00 0 
7fa208000000-7fa208021000 rw-p 00000000 00:00 0 
7fa208021000-7fa20c000000 ---p 00000000 00:00 0 
7fa20c000000-7fa20c021000 rw-p 00000000 00:00 0 
7fa20c021000-7fa210000000 ---p 00000000 00:00 0 
7fa210000000-7fa21040a000 rw-p 00000000 00:00 0 
7fa21040a000-7fa214000000 ---p 00000000 00:00 0 
7fa214000000-7fa214021000 rw-p 00000000 00:00 0 
7fa214021000-7fa218000000 ---p 00000000 00:00 0 
7fa218005000-7fa21800d000 rw-s 00000000 00:18 203823                     /i915 (deleted)
7fa21800d000-7fa218017000 rw-s 00000000 00:18 201592                     /i915 (deleted)
7fa218017000-7fa218027000 rw-s 00000000 00:18 203838                     /i915 (deleted)
7fa218027000-7fa218037000 rw-s 00000000 00:18 203830                     /i915 (deleted)
7fa218037000-7fa218045000 r--p 00000000 08:06 2785287                    /usr/lib/libdbus-1.so.3.19.8
7fa218045000-7fa218072000 r-xp 0000e000 08:06 2785287                    /usr/lib/libdbus-1.so.3.19.8
7fa218072000-7fa218087000 r--p 0003b000 08:06 2785287                    /usr/lib/libdbus-1.so.3.19.8
7fa218087000-7fa218089000 r--p 0004f000 08:06 2785287                    /usr/lib/libdbus-1.so.3.19.8
7fa218089000-7fa21808a000 rw-p 00051000 08:06 2785287                    /usr/lib/libdbus-1.so.3.19.8
7fa21808c000-7fa218094000 rw-s 00000000 00:18 201596                     /i915 (deleted)
7fa218094000-7fa21809e000 rw-s 00000000 00:18 203828                     /i915 (deleted)
7fa21809e000-7fa2180ae000 rw-s 00000000 00:18 203825                     /i915 (deleted)
7fa2180ae000-7fa2180ba000 rw-s 00000000 00:18 201372                     /i915 (deleted)
7fa2180ba000-7fa2180bd000 ---p 00000000 00:00 0 
7fa2180bd000-7fa2181bb000 rw-p 00000000 00:00 0 
7fa2181bb000-7fa218274000 r--p 00000000 08:06 144108                     /usr/share/fonts/TTF/DejaVuSans.ttf
7fa218274000-7fa218288000 r--p 00000000 08:06 425134                     /usr/lib/jvm/java-8-jdk/jre/lib/fonts/LucidaBrightItalic.ttf
7fa218288000-7fa2182c2000 r--p 00000000 08:06 425147                     /usr/lib/jvm/java-8-jdk/jre/lib/fonts/LucidaTypewriterBold.ttf
7fa2182c2000-7fa2182fe000 r--p 00000000 08:06 425148                     /usr/lib/jvm/java-8-jdk/jre/lib/fonts/LucidaTypewriterRegular.ttf
7fa2182fe000-7fa218311000 r--p 00000000 08:06 425133                     /usr/lib/jvm/java-8-jdk/jre/lib/fonts/LucidaBrightDemiItalic.ttf
7fa218311000-7fa21835f000 r--p 00000000 08:06 425136                     /usr/lib/jvm/java-8-jdk/jre/lib/fonts/LucidaSansDemiBold.ttf
7fa21835f000-7fa2183b4000 r--p 00000000 08:06 425135                     /usr/lib/jvm/java-8-jdk/jre/lib/fonts/LucidaBrightRegular.ttf
7fa2183b4000-7fa2183c7000 r--p 00000000 08:06 424738                     /usr/lib/jvm/java-8-jdk/jre/lib/fonts/LucidaBrightDemiBold.ttf
7fa2183c7000-7fa218472000 r--p 00000000 08:06 425137                     /usr/lib/jvm/java-8-jdk/jre/lib/fonts/LucidaSansRegular.ttf
7fa218472000-7fa218476000 r-xp 00000000 08:06 404016                     /usr/lib/jvm/java-8-jdk/jre/lib/amd64/libjavafx_font_pango.so
7fa218476000-7fa218675000 ---p 00004000 08:06 404016                     /usr/lib/jvm/java-8-jdk/jre/lib/amd64/libjavafx_font_pango.so
7fa218675000-7fa218676000 rw-p 00003000 08:06 404016                     /usr/lib/jvm/java-8-jdk/jre/lib/amd64/libjavafx_font_pango.so
7fa218676000-7fa218709000 r--s 00000000 08:06 1839466                    /var/cache/fontconfig/92d19bec-3903-4d5a-89d7-e866a4c0bc5d-le64.cache-7
7fa218709000-7fa21872d000 r--s 00000000 08:06 1839465                    /var/cache/fontconfig/f772d5d2-9010-4d58-b1f0-e557b7a452ba-le64.cache-7
7fa21872d000-7fa21873b000 r--s 00000000 08:06 1839704                    /var/cache/fontconfig/f7e4b271-5064-4ee0-82ae-13df15e73b48-le64.cache-7
7fa21873b000-7fa218752000 r--s 00000000 08:06 1839463                    /var/cache/fontconfig/4252f335-8999-4ed3-ba76-e2dd18c83f98-le64.cache-7
7fa218752000-7fa218757000 r-xp 00000000 08:06 404015                     /usr/lib/jvm/java-8-jdk/jre/lib/amd64/libjavafx_font_freetype.so
7fa218757000-7fa218956000 ---p 00005000 08:06 404015                     /usr/lib/jvm/java-8-jdk/jre/lib/amd64/libjavafx_font_freetype.so
7fa218956000-7fa218957000 rw-p 00004000 08:06 404015                     /usr/lib/jvm/java-8-jdk/jre/lib/amd64/libjavafx_font_freetype.so
7fa218957000-7fa21895a000 r-xp 00000000 08:06 404014                     /usr/lib/jvm/java-8-jdk/jre/lib/amd64/libjavafx_font.so
7fa21895a000-7fa218b59000 ---p 00003000 08:06 404014                     /usr/lib/jvm/java-8-jdk/jre/lib/amd64/libjavafx_font.so
7fa218b59000-7fa218b5a000 rw-p 00002000 08:06 404014                     /usr/lib/jvm/java-8-jdk/jre/lib/amd64/libjavafx_font.so
7fa218b5a000-7fa218b5d000 ---p 00000000 00:00 0 
7fa218b5d000-7fa218c5b000 rw-p 00000000 00:00 0 
7fa218c5b000-7fa218c5c000 ---p 00000000 00:00 0 
7fa218c5c000-7fa21945c000 rw-p 00000000 00:00 0 
7fa21945c000-7fa21959d000 rw-s 00000000 08:06 2366215                    /home/oakenbow/.cache/mesa_shader_cache/index
7fa21959d000-7fa2195a0000 ---p 00000000 00:00 0 
7fa2195a0000-7fa21969e000 rw-p 00000000 00:00 0 
7fa21969e000-7fa2196a1000 ---p 00000000 00:00 0 
7fa2196a1000-7fa21979f000 rw-p 00000000 00:00 0 
7fa21979f000-7fa2197a4000 r-xp 00000000 08:06 2787777                    /usr/lib/libogg.so.0.8.3
7fa2197a4000-7fa2199a4000 ---p 00005000 08:06 2787777                    /usr/lib/libogg.so.0.8.3
7fa2199a4000-7fa2199a5000 r--p 00005000 08:06 2787777                    /usr/lib/libogg.so.0.8.3
7fa2199a5000-7fa2199a6000 rw-p 00006000 08:06 2787777                    /usr/lib/libogg.so.0.8.3
7fa2199a6000-7fa2199d0000 r-xp 00000000 08:06 2788792                    /usr/lib/libvorbis.so.0.4.8
7fa2199d0000-7fa219bd0000 ---p 0002a000 08:06 2788792                    /usr/lib/libvorbis.so.0.4.8
7fa219bd0000-7fa219bd1000 r--p 0002a000 08:06 2788792                    /usr/lib/libvorbis.so.0.4.8
7fa219bd1000-7fa219bd2000 rw-p 0002b000 08:06 2788792                    /usr/lib/libvorbis.so.0.4.8
7fa219bd2000-7fa219bd6000 r--p 00000000 08:06 2799611                    /usr/lib/libtdb.so.1.3.16
7fa219bd6000-7fa219be2000 r-xp 00004000 08:06 2799611                    /usr/lib/libtdb.so.1.3.16
7fa219be2000-7fa219be8000 r--p 00010000 08:06 2799611                    /usr/lib/libtdb.so.1.3.16
7fa219be8000-7fa219be9000 r--p 00015000 08:06 2799611                    /usr/lib/libtdb.so.1.3.16
7fa219be9000-7fa219bea000 rw-p 00016000 08:06 2799611                    /usr/lib/libtdb.so.1.3.16
7fa219bea000-7fa219bf1000 r-xp 00000000 08:06 2788798                    /usr/lib/libvorbisfile.so.3.3.7
7fa219bf1000-7fa219df1000 ---p 00007000 08:06 2788798                    /usr/lib/libvorbisfile.so.3.3.7
7fa219df1000-7fa219df2000 r--p 00007000 08:06 2788798                    /usr/lib/libvorbisfile.so.3.3.7
7fa219df2000-7fa219df3000 rw-p 00008000 08:06 2788798                    /usr/lib/libvorbisfile.so.3.3.7
7fa219df3000-7fa219e04000 r-xp 00000000 08:06 2799616                    /usr/lib/libcanberra.so.0.2.5
7fa219e04000-7fa21a003000 ---p 00011000 08:06 2799616                    /usr/lib/libcanberra.so.0.2.5
7fa21a003000-7fa21a004000 r--p 00010000 08:06 2799616                    /usr/lib/libcanberra.so.0.2.5
7fa21a004000-7fa21a005000 rw-p 00011000 08:06 2799616                    /usr/lib/libcanberra.so.0.2.5
7fa21a005000-7fa21a009000 r-xp 00000000 08:06 2799618                    /usr/lib/libcanberra-gtk.so.0.1.9
7fa21a009000-7fa21a208000 ---p 00004000 08:06 2799618                    /usr/lib/libcanberra-gtk.so.0.1.9
7fa21a208000-7fa21a209000 r--p 00003000 08:06 2799618                    /usr/lib/libcanberra-gtk.so.0.1.9
7fa21a209000-7fa21a20a000 rw-p 00004000 08:06 2799618                    /usr/lib/libcanberra-gtk.so.0.1.9
7fa21a20b000-7fa21a20c000 rw-s 00000000 00:18 204061                     /i915 (deleted)
7fa21a20c000-7fa21a20e000 rw-s 00000000 00:18 201590                     /i915 (deleted)
7fa21a20e000-7fa21a213000 r--s 00084000 08:06 425171                     /usr/lib/jvm/java-8-jdk/jre/lib/jfr.jar
7fa21a213000-7fa21a21e000 r--s 00000000 08:06 1839461                    /var/cache/fontconfig/f6f54b86-f245-4ed7-9735-d23ba66c8db7-le64.cache-7
7fa21a21e000-7fa21a228000 rw-s 00000000 00:18 201371                     /i915 (deleted)
7fa21a228000-7fa21a230000 rw-s 00000000 00:18 203409                     /i915 (deleted)
7fa21a230000-7fa21a23a000 rw-s 00000000 00:18 203408                     /i915 (deleted)
7fa21a23a000-7fa21a23f000 r-xp 00000000 08:06 2901067                    /usr/lib/gtk-2.0/modules/libcanberra-gtk-module.so
7fa21a23f000-7fa21a43e000 ---p 00005000 08:06 2901067                    /usr/lib/gtk-2.0/modules/libcanberra-gtk-module.so
7fa21a43e000-7fa21a43f000 r--p 00004000 08:06 2901067                    /usr/lib/gtk-2.0/modules/libcanberra-gtk-module.so
7fa21a43f000-7fa21a440000 rw-p 00005000 08:06 2901067                    /usr/lib/gtk-2.0/modules/libcanberra-gtk-module.so
7fa21a440000-7fa21a469000 r-xp 00000000 08:06 403744                     /usr/lib/jvm/java-8-jdk/jre/lib/amd64/libglass.so
7fa21a469000-7fa21a668000 ---p 00029000 08:06 403744                     /usr/lib/jvm/java-8-jdk/jre/lib/amd64/libglass.so
7fa21a668000-7fa21a66b000 rw-p 00028000 08:06 403744                     /usr/lib/jvm/java-8-jdk/jre/lib/amd64/libglass.so
7fa21a66b000-7fa21a66c000 ---p 00000000 00:00 0 
7fa21a66c000-7fa21ae6c000 rw-p 00000000 00:00 0 
7fa21ae6c000-7fa21afad000 rw-s 00000000 08:06 2366215                    /home/oakenbow/.cache/mesa_shader_cache/index
7fa21afad000-7fa21afb5000 r-xp 00000000 08:06 2781596                    /usr/lib/libpciaccess.so.0.11.1
7fa21afb5000-7fa21b1b5000 ---p 00008000 08:06 2781596                    /usr/lib/libpciaccess.so.0.11.1
7fa21b1b5000-7fa21b1b6000 r--p 00008000 08:06 2781596                    /usr/lib/libpciaccess.so.0.11.1
7fa21b1b6000-7fa21b1b7000 rw-p 00009000 08:06 2781596                    /usr/lib/libpciaccess.so.0.11.1
7fa21b1b7000-7fa21b1b9000 r--p 00000000 08:06 2788991                    /usr/lib/libdrm_nouveau.so.2.0.0
7fa21b1b9000-7fa21b1bd000 r-xp 00002000 08:06 2788991                    /usr/lib/libdrm_nouveau.so.2.0.0
7fa21b1bd000-7fa21b1bf000 r--p 00006000 08:06 2788991                    /usr/lib/libdrm_nouveau.so.2.0.0
7fa21b1bf000-7fa21b1c0000 r--p 00007000 08:06 2788991                    /usr/lib/libdrm_nouveau.so.2.0.0
7fa21b1c0000-7fa21b1c1000 rw-p 00008000 08:06 2788991                    /usr/lib/libdrm_nouveau.so.2.0.0
7fa21b1c1000-7fa21b1c3000 r--p 00000000 08:06 2788994                    /usr/lib/libdrm_radeon.so.1.0.1
7fa21b1c3000-7fa21b1cb000 r-xp 00002000 08:06 2788994                    /usr/lib/libdrm_radeon.so.1.0.1
7fa21b1cb000-7fa21b1cd000 r--p 0000a000 08:06 2788994                    /usr/lib/libdrm_radeon.so.1.0.1
7fa21b1cd000-7fa21b1ce000 r--p 0000b000 08:06 2788994                    /usr/lib/libdrm_radeon.so.1.0.1
7fa21b1ce000-7fa21b1cf000 rw-p 0000c000 08:06 2788994                    /usr/lib/libdrm_radeon.so.1.0.1
7fa21b1cf000-7fa21b238000 r--p 00000000 08:06 3029081                    /usr/lib/dri/i965_dri.so
7fa21b238000-7fa21b91e000 r-xp 00069000 08:06 3029081                    /usr/lib/dri/i965_dri.so
7fa21b91e000-7fa21badc000 r--p 0074f000 08:06 3029081                    /usr/lib/dri/i965_dri.so
7fa21badc000-7fa21bb3a000 r--p 0090c000 08:06 3029081                    /usr/lib/dri/i965_dri.so
7fa21bb3a000-7fa21bb45000 rw-p 0096a000 08:06 3029081                    /usr/lib/dri/i965_dri.so
7fa21bb45000-7fa21bbf7000 rw-p 00000000 00:00 0 
7fa21bbf7000-7fa21bbf8000 r-xp 00000000 08:06 2785075                    /usr/lib/libxshmfence.so.1.0.0
7fa21bbf8000-7fa21bdf7000 ---p 00001000 08:06 2785075                    /usr/lib/libxshmfence.so.1.0.0
7fa21bdf7000-7fa21bdf8000 r--p 00000000 08:06 2785075                    /usr/lib/libxshmfence.so.1.0.0
7fa21bdf8000-7fa21bdf9000 rw-p 00001000 08:06 2785075                    /usr/lib/libxshmfence.so.1.0.0
7fa21bdf9000-7fa21bdff000 r-xp 00000000 08:06 2783966                    /usr/lib/libxcb-sync.so.1.0.0
7fa21bdff000-7fa21bffe000 ---p 00006000 08:06 2783966                    /usr/lib/libxcb-sync.so.1.0.0
7fa21bffe000-7fa21bfff000 r--p 00005000 08:06 2783966                    /usr/lib/libxcb-sync.so.1.0.0
7fa21bfff000-7fa21c000000 rw-p 00006000 08:06 2783966                    /usr/lib/libxcb-sync.so.1.0.0
7fa21c000000-7fa21c021000 rw-p 00000000 00:00 0 
7fa21c021000-7fa220000000 ---p 00000000 00:00 0 
7fa220000000-7fa22190c000 rw-p 00000000 00:00 0 
7fa22190c000-7fa224000000 ---p 00000000 00:00 0 
7fa224000000-7fa2247d9000 rw-p 00000000 00:00 0 
7fa2247d9000-7fa228000000 ---p 00000000 00:00 0 
7fa228000000-7fa228021000 rw-p 00000000 00:00 0 
7fa228021000-7fa22c000000 ---p 00000000 00:00 0 
7fa22c000000-7fa22c796000 rw-p 00000000 00:00 0 
7fa22c796000-7fa230000000 ---p 00000000 00:00 0 
7fa230000000-7fa230557000 rw-p 00000000 00:00 0 
7fa230557000-7fa234000000 ---p 00000000 00:00 0 
7fa234000000-7fa234021000 rw-p 00000000 00:00 0 
7fa234021000-7fa238000000 ---p 00000000 00:00 0 
7fa238000000-7fa238044000 rw-p 00000000 00:00 0 
7fa238044000-7fa23c000000 ---p 00000000 00:00 0 
7fa23c000000-7fa23c021000 rw-p 00000000 00:00 0 
7fa23c021000-7fa240000000 ---p 00000000 00:00 0 
7fa240000000-7fa240021000 rw-p 00000000 00:00 0 
7fa240021000-7fa244000000 ---p 00000000 00:00 0 
7fa244000000-7fa244021000 rw-p 00000000 00:00 0 
7fa244021000-7fa248000000 ---p 00000000 00:00 0 
7fa248000000-7fa248021000 rw-p 00000000 00:00 0 
7fa248021000-7fa24c000000 ---p 00000000 00:00 0 
7fa24c000000-7fa24c021000 rw-p 00000000 00:00 0 
7fa24c021000-7fa250000000 ---p 00000000 00:00 0 
7fa250000000-7fa250003000 r--s 00000000 08:06 1839460                    /var/cache/fontconfig/00cdb7e8-e5c7-4d11-ba87-b74cf97c36cd-le64.cache-7
7fa250003000-7fa250006000 r--p 00000000 08:06 2786279                    /usr/lib/libdrm_intel.so.1.0.0
7fa250006000-7fa25001d000 r-xp 00003000 08:06 2786279                    /usr/lib/libdrm_intel.so.1.0.0
7fa25001d000-7fa250027000 r--p 0001a000 08:06 2786279                    /usr/lib/libdrm_intel.so.1.0.0
7fa250027000-7fa250028000 r--p 00023000 08:06 2786279                    /usr/lib/libdrm_intel.so.1.0.0
7fa250028000-7fa250029000 rw-p 00024000 08:06 2786279                    /usr/lib/libdrm_intel.so.1.0.0
7fa250029000-7fa25002b000 r-xp 00000000 08:06 2783958                    /usr/lib/libxcb-present.so.0.0.0
7fa25002b000-7fa25022a000 ---p 00002000 08:06 2783958                    /usr/lib/libxcb-present.so.0.0.0
7fa25022a000-7fa25022b000 r--p 00001000 08:06 2783958                    /usr/lib/libxcb-present.so.0.0.0
7fa25022b000-7fa25022c000 rw-p 00002000 08:06 2783958                    /usr/lib/libxcb-present.so.0.0.0
7fa25022c000-7fa25022f000 r-xp 00000000 08:06 2783967                    /usr/lib/libxcb-dri3.so.0.0.0
7fa25022f000-7fa25042e000 ---p 00003000 08:06 2783967                    /usr/lib/libxcb-dri3.so.0.0.0
7fa25042e000-7fa25042f000 r--p 00002000 08:06 2783967                    /usr/lib/libxcb-dri3.so.0.0.0
7fa25042f000-7fa250430000 rw-p 00003000 08:06 2783967                    /usr/lib/libxcb-dri3.so.0.0.0
7fa250430000-7fa250434000 r-xp 00000000 08:06 2783978                    /usr/lib/libxcb-dri2.so.0.0.0
7fa250434000-7fa250633000 ---p 00004000 08:06 2783978                    /usr/lib/libxcb-dri2.so.0.0.0
7fa250633000-7fa250634000 r--p 00003000 08:06 2783978                    /usr/lib/libxcb-dri2.so.0.0.0
7fa250634000-7fa250635000 rw-p 00004000 08:06 2783978                    /usr/lib/libxcb-dri2.so.0.0.0
7fa250635000-7fa25064e000 r-xp 00000000 08:06 2783991                    /usr/lib/libxcb-glx.so.0.0.0
7fa25064e000-7fa25084d000 ---p 00019000 08:06 2783991                    /usr/lib/libxcb-glx.so.0.0.0
7fa25084d000-7fa25084f000 r--p 00018000 08:06 2783991                    /usr/lib/libxcb-glx.so.0.0.0
7fa25084f000-7fa250850000 rw-p 0001a000 08:06 2783991                    /usr/lib/libxcb-glx.so.0.0.0
7fa250850000-7fa250854000 r--p 00000000 08:06 2781621                    /usr/lib/libdrm.so.2.4.0
7fa250854000-7fa25085e000 r-xp 00004000 08:06 2781621                    /usr/lib/libdrm.so.2.4.0
7fa25085e000-7fa250861000 r--p 0000e000 08:06 2781621                    /usr/lib/libdrm.so.2.4.0
7fa250861000-7fa250862000 ---p 00011000 08:06 2781621                    /usr/lib/libdrm.so.2.4.0
7fa250862000-7fa250863000 r--p 00011000 08:06 2781621                    /usr/lib/libdrm.so.2.4.0
7fa250863000-7fa250864000 rw-p 00012000 08:06 2781621                    /usr/lib/libdrm.so.2.4.0
7fa250864000-7fa25086f000 r--p 00000000 08:06 2785201                    /usr/lib/libglapi.so.0.0.0
7fa25086f000-7fa25087b000 r-xp 0000b000 08:06 2785201                    /usr/lib/libglapi.so.0.0.0
7fa25087b000-7fa250891000 r--p 00017000 08:06 2785201                    /usr/lib/libglapi.so.0.0.0
7fa250891000-7fa250895000 r--p 0002c000 08:06 2785201                    /usr/lib/libglapi.so.0.0.0
7fa250895000-7fa250896000 rw-p 00030000 08:06 2785201                    /usr/lib/libglapi.so.0.0.0
7fa250896000-7fa250897000 rw-p 00000000 00:00 0 
7fa250897000-7fa2508b0000 r--p 00000000 08:06 2784104                    /usr/lib/libGLX_mesa.so.0.0.0
7fa2508b0000-7fa2508f2000 r-xp 00019000 08:06 2784104                    /usr/lib/libGLX_mesa.so.0.0.0
7fa2508f2000-7fa250909000 r--p 0005b000 08:06 2784104                    /usr/lib/libGLX_mesa.so.0.0.0
7fa250909000-7fa25090a000 ---p 00072000 08:06 2784104                    /usr/lib/libGLX_mesa.so.0.0.0
7fa25090a000-7fa25090d000 r--p 00072000 08:06 2784104                    /usr/lib/libGLX_mesa.so.0.0.0
7fa25090d000-7fa25090e000 rw-p 00075000 08:06 2784104                    /usr/lib/libGLX_mesa.so.0.0.0
7fa25090e000-7fa250914000 r-xp 00000000 08:06 2785664                    /usr/lib/libdatrie.so.1.3.5
7fa250914000-7fa250b13000 ---p 00006000 08:06 2785664                    /usr/lib/libdatrie.so.1.3.5
7fa250b13000-7fa250b14000 r--p 00005000 08:06 2785664                    /usr/lib/libdatrie.so.1.3.5
7fa250b14000-7fa250b15000 rw-p 00006000 08:06 2785664                    /usr/lib/libdatrie.so.1.3.5
7fa250b15000-7fa250b1a000 r-xp 00000000 08:06 2781642                    /usr/lib/libXdmcp.so.6.0.0
7fa250b1a000-7fa250d19000 ---p 00005000 08:06 2781642                    /usr/lib/libXdmcp.so.6.0.0
7fa250d19000-7fa250d1a000 r--p 00004000 08:06 2781642                    /usr/lib/libXdmcp.so.6.0.0
7fa250d1a000-7fa250d1b000 rw-p 00005000 08:06 2781642                    /usr/lib/libXdmcp.so.6.0.0
7fa250d1b000-7fa250d1d000 r-xp 00000000 08:06 2781653                    /usr/lib/libXau.so.6.0.0
7fa250d1d000-7fa250f1d000 ---p 00002000 08:06 2781653                    /usr/lib/libXau.so.6.0.0
7fa250f1d000-7fa250f1e000 r--p 00002000 08:06 2781653                    /usr/lib/libXau.so.6.0.0
7fa250f1e000-7fa250f1f000 rw-p 00003000 08:06 2781653                    /usr/lib/libXau.so.6.0.0
7fa250f1f000-7fa250f22000 r--p 00000000 08:06 2803838                    /usr/lib/libgraphite2.so.3.2.1
7fa250f22000-7fa250f3c000 r-xp 00003000 08:06 2803838                    /usr/lib/libgraphite2.so.3.2.1
7fa250f3c000-7fa250f41000 r--p 0001d000 08:06 2803838                    /usr/lib/libgraphite2.so.3.2.1
7fa250f41000-7fa250f43000 r--p 00021000 08:06 2803838                    /usr/lib/libgraphite2.so.3.2.1
7fa250f43000-7fa250f44000 rw-p 00023000 08:06 2803838                    /usr/lib/libgraphite2.so.3.2.1
7fa250f44000-7fa250f8e000 r-xp 00000000 08:06 2780757                    /usr/lib/libblkid.so.1.1.0
7fa250f8e000-7fa25118e000 ---p 0004a000 08:06 2780757                    /usr/lib/libblkid.so.1.1.0
7fa25118e000-7fa251193000 r--p 0004a000 08:06 2780757                    /usr/lib/libblkid.so.1.1.0
7fa251193000-7fa251194000 rw-p 0004f000 08:06 2780757                    /usr/lib/libblkid.so.1.1.0
7fa251194000-7fa251195000 rw-p 00000000 00:00 0 
7fa251195000-7fa2511d5000 r--p 00000000 08:06 2803211                    /usr/lib/libGLdispatch.so.0.0.0
7fa2511d5000-7fa2511f3000 r-xp 00040000 08:06 2803211                    /usr/lib/libGLdispatch.so.0.0.0
7fa2511f3000-7fa251206000 r--p 0005e000 08:06 2803211                    /usr/lib/libGLdispatch.so.0.0.0
7fa251206000-7fa251207000 ---p 00071000 08:06 2803211                    /usr/lib/libGLdispatch.so.0.0.0
7fa251207000-7fa251230000 r--p 00071000 08:06 2803211                    /usr/lib/libGLdispatch.so.0.0.0
7fa251230000-7fa251231000 rw-p 0009a000 08:06 2803211                    /usr/lib/libGLdispatch.so.0.0.0
7fa251231000-7fa251251000 rw-p 00000000 00:00 0 
7fa251251000-7fa251254000 r--p 00000000 08:06 2802663                    /usr/lib/libGLX.so.0.0.0
7fa251254000-7fa25125e000 r-xp 00003000 08:06 2802663                    /usr/lib/libGLX.so.0.0.0
7fa25125e000-7fa251261000 r--p 0000d000 08:06 2802663                    /usr/lib/libGLX.so.0.0.0
7fa251261000-7fa251262000 ---p 00010000 08:06 2802663                    /usr/lib/libGLX.so.0.0.0
7fa251262000-7fa251263000 r--p 00010000 08:06 2802663                    /usr/lib/libGLX.so.0.0.0
7fa251263000-7fa251264000 rw-p 00011000 08:06 2802663                    /usr/lib/libGLX.so.0.0.0
7fa251264000-7fa251284000 rw-p 00000000 00:00 0 
7fa251284000-7fa2512f5000 r-xp 00000000 08:06 2773313                    /usr/lib/libpcre.so.1.2.10
7fa2512f5000-7fa2514f4000 ---p 00071000 08:06 2773313                    /usr/lib/libpcre.so.1.2.10
7fa2514f4000-7fa2514f5000 r--p 00070000 08:06 2773313                    /usr/lib/libpcre.so.1.2.10
7fa2514f5000-7fa2514f6000 rw-p 00071000 08:06 2773313                    /usr/lib/libpcre.so.1.2.10
7fa2514f6000-7fa2514fd000 r-xp 00000000 08:06 2773445                    /usr/lib/libffi.so.6.0.4
7fa2514fd000-7fa2516fd000 ---p 00007000 08:06 2773445                    /usr/lib/libffi.so.6.0.4
7fa2516fd000-7fa2516fe000 r--p 00007000 08:06 2773445                    /usr/lib/libffi.so.6.0.4
7fa2516fe000-7fa2516ff000 rw-p 00008000 08:06 2773445                    /usr/lib/libffi.so.6.0.4
7fa2516ff000-7fa251705000 r-xp 00000000 08:06 2813644                    /usr/lib/libuuid.so.1.3.0
7fa251705000-7fa251904000 ---p 00006000 08:06 2813644                    /usr/lib/libuuid.so.1.3.0
7fa251904000-7fa251905000 r--p 00005000 08:06 2813644                    /usr/lib/libuuid.so.1.3.0
7fa251905000-7fa251906000 rw-p 00006000 08:06 2813644                    /usr/lib/libuuid.so.1.3.0
7fa251906000-7fa25190a000 r--p 00000000 08:06 2770488                    /usr/lib/libexpat.so.1.6.8
7fa25190a000-7fa25192a000 r-xp 00004000 08:06 2770488                    /usr/lib/libexpat.so.1.6.8
7fa25192a000-7fa25193e000 r--p 00024000 08:06 2770488                    /usr/lib/libexpat.so.1.6.8
7fa25193e000-7fa25193f000 ---p 00038000 08:06 2770488                    /usr/lib/libexpat.so.1.6.8
7fa25193f000-7fa251941000 r--p 00038000 08:06 2770488                    /usr/lib/libexpat.so.1.6.8
7fa251941000-7fa251942000 rw-p 0003a000 08:06 2770488                    /usr/lib/libexpat.so.1.6.8
7fa251942000-7fa251944000 r--p 00000000 08:06 2764599                    /usr/lib/libbz2.so.1.0.6
7fa251944000-7fa251951000 r-xp 00002000 08:06 2764599                    /usr/lib/libbz2.so.1.0.6
7fa251951000-7fa251953000 r--p 0000f000 08:06 2764599                    /usr/lib/libbz2.so.1.0.6
7fa251953000-7fa251954000 r--p 00010000 08:06 2764599                    /usr/lib/libbz2.so.1.0.6
7fa251954000-7fa251955000 rw-p 00011000 08:06 2764599                    /usr/lib/libbz2.so.1.0.6
7fa251955000-7fa251970000 r-xp 00000000 08:06 2788885                    /usr/lib/libfribidi.so.0.4.0
7fa251970000-7fa251b6f000 ---p 0001b000 08:06 2788885                    /usr/lib/libfribidi.so.0.4.0
7fa251b6f000-7fa251b70000 r--p 0001a000 08:06 2788885                    /usr/lib/libfribidi.so.0.4.0
7fa251b70000-7fa251b71000 rw-p 0001b000 08:06 2788885                    /usr/lib/libfribidi.so.0.4.0
7fa251b71000-7fa251b79000 r-xp 00000000 08:06 2785668                    /usr/lib/libthai.so.0.3.0
7fa251b79000-7fa251d79000 ---p 00008000 08:06 2785668                    /usr/lib/libthai.so.0.3.0
7fa251d79000-7fa251d7a000 r--p 00008000 08:06 2785668                    /usr/lib/libthai.so.0.3.0
7fa251d7a000-7fa251d7b000 rw-p 00009000 08:06 2785668                    /usr/lib/libthai.so.0.3.0
7fa251d7b000-7fa251d87000 r-xp 00000000 08:06 2783968                    /usr/lib/libxcb-render.so.0.0.0
7fa251d87000-7fa251f87000 ---p 0000c000 08:06 2783968                    /usr/lib/libxcb-render.so.0.0.0
7fa251f87000-7fa251f88000 r--p 0000c000 08:06 2783968                    /usr/lib/libxcb-render.so.0.0.0
7fa251f88000-7fa251f89000 rw-p 0000d000 08:06 2783968                    /usr/lib/libxcb-render.so.0.0.0
7fa251f89000-7fa251fb0000 r-xp 00000000 08:06 2783957                    /usr/lib/libxcb.so.1.1.0
7fa251fb0000-7fa2521b0000 ---p 00027000 08:06 2783957                    /usr/lib/libxcb.so.1.1.0
7fa2521b0000-7fa2521b1000 r--p 00027000 08:06 2783957                    /usr/lib/libxcb.so.1.1.0
7fa2521b1000-7fa2521b2000 rw-p 00028000 08:06 2783957                    /usr/lib/libxcb.so.1.1.0
7fa2521b2000-7fa2521b4000 r-xp 00000000 08:06 2809822                    /usr/lib/libxcb-shm.so.0.0.0
7fa2521b4000-7fa2523b4000 ---p 00002000 08:06 2809822                    /usr/lib/libxcb-shm.so.0.0.0
7fa2523b4000-7fa2523b5000 r--p 00002000 08:06 2809822                    /usr/lib/libxcb-shm.so.0.0.0
7fa2523b5000-7fa2523b6000 rw-p 00003000 08:06 2809822                    /usr/lib/libxcb-shm.so.0.0.0
7fa2523b6000-7fa252455000 r-xp 00000000 08:06 2781634                    /usr/lib/libpixman-1.so.0.34.0
7fa252455000-7fa252655000 ---p 0009f000 08:06 2781634                    /usr/lib/libpixman-1.so.0.34.0
7fa252655000-7fa25265d000 r--p 0009f000 08:06 2781634                    /usr/lib/libpixman-1.so.0.34.0
7fa25265d000-7fa25265e000 rw-p 000a7000 08:06 2781634                    /usr/lib/libpixman-1.so.0.34.0
7fa25265e000-7fa252667000 r--p 00000000 08:06 2804920                    /usr/lib/libharfbuzz.so.0.10900.0
7fa252667000-7fa2526e0000 r-xp 00009000 08:06 2804920                    /usr/lib/libharfbuzz.so.0.10900.0
7fa2526e0000-7fa252719000 r--p 00082000 08:06 2804920                    /usr/lib/libharfbuzz.so.0.10900.0
7fa252719000-7fa25271a000 ---p 000bb000 08:06 2804920                    /usr/lib/libharfbuzz.so.0.10900.0
7fa25271a000-7fa25271b000 r--p 000bb000 08:06 2804920                    /usr/lib/libharfbuzz.so.0.10900.0
7fa25271b000-7fa25271c000 rw-p 000bc000 08:06 2804920                    /usr/lib/libharfbuzz.so.0.10900.0
7fa25271c000-7fa252771000 r-xp 00000000 08:06 2780763                    /usr/lib/libmount.so.1.1.0
7fa252771000-7fa252970000 ---p 00055000 08:06 2780763                    /usr/lib/libmount.so.1.1.0
7fa252970000-7fa252973000 r--p 00054000 08:06 2780763                    /usr/lib/libmount.so.1.1.0
7fa252973000-7fa252974000 rw-p 00057000 08:06 2780763                    /usr/lib/libmount.so.1.1.0
7fa252974000-7fa252975000 rw-p 00000000 00:00 0 
7fa252975000-7fa25298b000 r-xp 00000000 08:06 2770746                    /usr/lib/libz.so.1.2.11
7fa25298b000-7fa252b8a000 ---p 00016000 08:06 2770746                    /usr/lib/libz.so.1.2.11
7fa252b8a000-7fa252b8b000 r--p 00015000 08:06 2770746                    /usr/lib/libz.so.1.2.11
7fa252b8b000-7fa252b8c000 rw-p 00016000 08:06 2770746                    /usr/lib/libz.so.1.2.11
7fa252b8c000-7fa252b9d000 r-xp 00000000 08:06 2784970                    /usr/lib/libXext.so.6.4.0
7fa252b9d000-7fa252d9c000 ---p 00011000 08:06 2784970                    /usr/lib/libXext.so.6.4.0
7fa252d9c000-7fa252d9d000 r--p 00010000 08:06 2784970                    /usr/lib/libXext.so.6.4.0
7fa252d9d000-7fa252d9e000 rw-p 00011000 08:06 2784970                    /usr/lib/libXext.so.6.4.0
7fa252d9e000-7fa252da0000 r-xp 00000000 08:06 2785068                    /usr/lib/libXdamage.so.1.1.0
7fa252da0000-7fa252f9f000 ---p 00002000 08:06 2785068                    /usr/lib/libXdamage.so.1.1.0
7fa252f9f000-7fa252fa0000 r--p 00001000 08:06 2785068                    /usr/lib/libXdamage.so.1.1.0
7fa252fa0000-7fa252fa1000 rw-p 00002000 08:06 2785068                    /usr/lib/libXdamage.so.1.1.0
7fa252fa1000-7fa252fa3000 r-xp 00000000 08:06 2792918                    /usr/lib/libXcomposite.so.1.0.0
7fa252fa3000-7fa2531a2000 ---p 00002000 08:06 2792918                    /usr/lib/libXcomposite.so.1.0.0
7fa2531a2000-7fa2531a3000 r--p 00001000 08:06 2792918                    /usr/lib/libXcomposite.so.1.0.0
7fa2531a3000-7fa2531a4000 rw-p 00002000 08:06 2792918                    /usr/lib/libXcomposite.so.1.0.0
7fa2531a4000-7fa2531ad000 r-xp 00000000 08:06 2793369                    /usr/lib/libXcursor.so.1.0.2
7fa2531ad000-7fa2533ac000 ---p 00009000 08:06 2793369                    /usr/lib/libXcursor.so.1.0.2
7fa2533ac000-7fa2533ad000 r--p 00008000 08:06 2793369                    /usr/lib/libXcursor.so.1.0.2
7fa2533ad000-7fa2533ae000 rw-p 00009000 08:06 2793369                    /usr/lib/libXcursor.so.1.0.2
7fa2533ae000-7fa2533b8000 r-xp 00000000 08:06 2799221                    /usr/lib/libXrandr.so.2.2.0
7fa2533b8000-7fa2535b7000 ---p 0000a000 08:06 2799221                    /usr/lib/libXrandr.so.2.2.0
7fa2535b7000-7fa2535b8000 r--p 00009000 08:06 2799221                    /usr/lib/libXrandr.so.2.2.0
7fa2535b8000-7fa2535b9000 rw-p 0000a000 08:06 2799221                    /usr/lib/libXrandr.so.2.2.0
7fa2535b9000-7fa2535c8000 r-xp 00000000 08:06 2786108                    /usr/lib/libXi.so.6.1.0
7fa2535c8000-7fa2537c8000 ---p 0000f000 08:06 2786108                    /usr/lib/libXi.so.6.1.0
7fa2537c8000-7fa2537c9000 r--p 0000f000 08:06 2786108                    /usr/lib/libXi.so.6.1.0
7fa2537c9000-7fa2537ca000 rw-p 00010000 08:06 2786108                    /usr/lib/libXi.so.6.1.0
7fa2537ca000-7fa2537cc000 r-xp 00000000 08:06 2791012                    /usr/lib/libXinerama.so.1.0.0
7fa2537cc000-7fa2539cb000 ---p 00002000 08:06 2791012                    /usr/lib/libXinerama.so.1.0.0
7fa2539cb000-7fa2539cc000 r--p 00001000 08:06 2791012                    /usr/lib/libXinerama.so.1.0.0
7fa2539cc000-7fa2539cd000 rw-p 00002000 08:06 2791012                    /usr/lib/libXinerama.so.1.0.0
7fa2539cd000-7fa2539d6000 r-xp 00000000 08:06 2785672                    /usr/lib/libXrender.so.1.3.0
7fa2539d6000-7fa253bd6000 ---p 00009000 08:06 2785672                    /usr/lib/libXrender.so.1.3.0
7fa253bd6000-7fa253bd7000 r--p 00009000 08:06 2785672                    /usr/lib/libXrender.so.1.3.0
7fa253bd7000-7fa253bd8000 rw-p 0000a000 08:06 2785672                    /usr/lib/libXrender.so.1.3.0
7fa253bd8000-7fa253bdd000 r-xp 00000000 08:06 2785063                    /usr/lib/libXfixes.so.3.1.0
7fa253bdd000-7fa253ddc000 ---p 00005000 08:06 2785063                    /usr/lib/libXfixes.so.3.1.0
7fa253ddc000-7fa253ddd000 r--p 00004000 08:06 2785063                    /usr/lib/libXfixes.so.3.1.0
7fa253ddd000-7fa253dde000 rw-p 00005000 08:06 2785063                    /usr/lib/libXfixes.so.3.1.0
7fa253dde000-7fa253e67000 r--p 00000000 08:06 2772922                    /usr/lib/libstdc++.so.6.0.25
7fa253e67000-7fa253f1f000 r-xp 00089000 08:06 2772922                    /usr/lib/libstdc++.so.6.0.25
7fa253f1f000-7fa253f5c000 r--p 00141000 08:06 2772922                    /usr/lib/libstdc++.so.6.0.25
7fa253f5c000-7fa253f5d000 ---p 0017e000 08:06 2772922                    /usr/lib/libstdc++.so.6.0.25
7fa253f5d000-7fa253f69000 r--p 0017e000 08:06 2772922                    /usr/lib/libstdc++.so.6.0.25
7fa253f69000-7fa253f6a000 rw-p 0018a000 08:06 2772922                    /usr/lib/libstdc++.so.6.0.25
7fa253f6a000-7fa253f6d000 rw-p 00000000 00:00 0 
7fa253f6d000-7fa253faf000 r--p 00000000 08:06 2785340                    /usr/lib/libGL.so.1.7.0
7fa253faf000-7fa253fce000 r-xp 00042000 08:06 2785340                    /usr/lib/libGL.so.1.7.0
7fa253fce000-7fa253fe3000 r--p 00061000 08:06 2785340                    /usr/lib/libGL.so.1.7.0
7fa253fe3000-7fa253ffe000 r--p 00075000 08:06 2785340                    /usr/lib/libGL.so.1.7.0
7fa253ffe000-7fa253fff000 rw-p 00090000 08:06 2785340                    /usr/lib/libGL.so.1.7.0
7fa253fff000-7fa254000000 rw-p 00000000 00:00 0 
7fa254000000-7fa254021000 rw-p 00000000 00:00 0 
7fa254021000-7fa258000000 ---p 00000000 00:00 0 
7fa258000000-7fa258003000 r--s 00000000 08:06 1840848                    /var/cache/fontconfig/df097155-8b46-476e-8292-4c9ff4d1bfdd-le64.cache-7
7fa258003000-7fa258007000 rw-s 00000000 00:18 203411                     /i915 (deleted)
7fa258007000-7fa258008000 r--p 00000000 08:06 2784142                    /usr/lib/libX11-xcb.so.1.0.0
7fa258008000-7fa258009000 r-xp 00001000 08:06 2784142                    /usr/lib/libX11-xcb.so.1.0.0
7fa258009000-7fa25800a000 r--p 00002000 08:06 2784142                    /usr/lib/libX11-xcb.so.1.0.0
7fa25800a000-7fa25800b000 r--p 00002000 08:06 2784142                    /usr/lib/libX11-xcb.so.1.0.0
7fa25800b000-7fa25800c000 rw-p 00003000 08:06 2784142                    /usr/lib/libX11-xcb.so.1.0.0
7fa25800c000-7fa258012000 r--p 00000000 08:06 2785365                    /usr/lib/libpng16.so.16.35.0
7fa258012000-7fa258036000 r-xp 00006000 08:06 2785365                    /usr/lib/libpng16.so.16.35.0
7fa258036000-7fa258042000 r--p 0002a000 08:06 2785365                    /usr/lib/libpng16.so.16.35.0
7fa258042000-7fa258043000 r--p 00035000 08:06 2785365                    /usr/lib/libpng16.so.16.35.0
7fa258043000-7fa258044000 rw-p 00036000 08:06 2785365                    /usr/lib/libpng16.so.16.35.0
7fa258044000-7fa258048000 r--p 00000000 08:06 2760959                    /usr/lib/libresolv-2.28.so
7fa258048000-7fa258054000 r-xp 00004000 08:06 2760959                    /usr/lib/libresolv-2.28.so
7fa258054000-7fa258058000 r--p 00010000 08:06 2760959                    /usr/lib/libresolv-2.28.so
7fa258058000-7fa258059000 ---p 00014000 08:06 2760959                    /usr/lib/libresolv-2.28.so
7fa258059000-7fa25805a000 r--p 00014000 08:06 2760959                    /usr/lib/libresolv-2.28.so
7fa25805a000-7fa25805b000 rw-p 00015000 08:06 2760959                    /usr/lib/libresolv-2.28.so
7fa25805b000-7fa25805d000 rw-p 00000000 00:00 0 
7fa25805d000-7fa258060000 r--p 00000000 08:06 2761629                    /usr/lib/libgcc_s.so.1
7fa258060000-7fa258071000 r-xp 00003000 08:06 2761629                    /usr/lib/libgcc_s.so.1
7fa258071000-7fa258074000 r--p 00014000 08:06 2761629                    /usr/lib/libgcc_s.so.1
7fa258074000-7fa258075000 ---p 00017000 08:06 2761629                    /usr/lib/libgcc_s.so.1
7fa258075000-7fa258076000 r--p 00017000 08:06 2761629                    /usr/lib/libgcc_s.so.1
7fa258076000-7fa258077000 rw-p 00018000 08:06 2761629                    /usr/lib/libgcc_s.so.1
7fa258077000-7fa25807b000 r-xp 00000000 08:06 2785036                    /usr/lib/libXxf86vm.so.1.0.0
7fa25807b000-7fa25827b000 ---p 00004000 08:06 2785036                    /usr/lib/libXxf86vm.so.1.0.0
7fa25827b000-7fa25827c000 r--p 00004000 08:06 2785036                    /usr/lib/libXxf86vm.so.1.0.0
7fa25827c000-7fa25827d000 rw-p 00005000 08:06 2785036                    /usr/lib/libXxf86vm.so.1.0.0
7fa25827d000-7fa258299000 r--p 00000000 08:06 2784145                    /usr/lib/libX11.so.6.3.0
7fa258299000-7fa258321000 r-xp 0001c000 08:06 2784145                    /usr/lib/libX11.so.6.3.0
7fa258321000-7fa2583b4000 r--p 000a4000 08:06 2784145                    /usr/lib/libX11.so.6.3.0
7fa2583b4000-7fa2583b7000 r--p 00137000 08:06 2784145                    /usr/lib/libX11.so.6.3.0
7fa2583b7000-7fa2583bb000 rw-p 0013a000 08:06 2784145                    /usr/lib/libX11.so.6.3.0
7fa2583bb000-7fa2583c0000 r-xp 00000000 08:06 2788746                    /usr/lib/libXtst.so.6.1.0
7fa2583c0000-7fa2585bf000 ---p 00005000 08:06 2788746                    /usr/lib/libXtst.so.6.1.0
7fa2585bf000-7fa2585c0000 r--p 00004000 08:06 2788746                    /usr/lib/libXtst.so.6.1.0
7fa2585c0000-7fa2585c1000 rw-p 00005000 08:06 2788746                    /usr/lib/libXtst.so.6.1.0
7fa2585c1000-7fa2585dc000 r--p 00000000 08:06 2773481                    /usr/lib/libglib-2.0.so.0.5800.0
7fa2585dc000-7fa25865e000 r-xp 0001b000 08:06 2773481                    /usr/lib/libglib-2.0.so.0.5800.0
7fa25865e000-7fa2586e0000 r--p 0009d000 08:06 2773481                    /usr/lib/libglib-2.0.so.0.5800.0
7fa2586e0000-7fa2586e1000 r--p 0011e000 08:06 2773481                    /usr/lib/libglib-2.0.so.0.5800.0
7fa2586e1000-7fa2586e2000 rw-p 0011f000 08:06 2773481                    /usr/lib/libglib-2.0.so.0.5800.0
7fa2586e2000-7fa2586e3000 rw-p 00000000 00:00 0 
7fa2586e3000-7fa2586e4000 r--p 00000000 08:06 2773492                    /usr/lib/libgthread-2.0.so.0.5800.0
7fa2586e4000-7fa2586e5000 r-xp 00001000 08:06 2773492                    /usr/lib/libgthread-2.0.so.0.5800.0
7fa2586e5000-7fa2586e6000 r--p 00002000 08:06 2773492                    /usr/lib/libgthread-2.0.so.0.5800.0
7fa2586e6000-7fa2586e7000 r--p 00002000 08:06 2773492                    /usr/lib/libgthread-2.0.so.0.5800.0
7fa2586e7000-7fa2586e8000 rw-p 00003000 08:06 2773492                    /usr/lib/libgthread-2.0.so.0.5800.0
7fa2586e8000-7fa2586f3000 r--p 00000000 08:06 2773489                    /usr/lib/libgobject-2.0.so.0.5800.0
7fa2586f3000-7fa258726000 r-xp 0000b000 08:06 2773489                    /usr/lib/libgobject-2.0.so.0.5800.0
7fa258726000-7fa25873b000 r--p 0003e000 08:06 2773489                    /usr/lib/libgobject-2.0.so.0.5800.0
7fa25873b000-7fa25873c000 ---p 00053000 08:06 2773489                    /usr/lib/libgobject-2.0.so.0.5800.0
7fa25873c000-7fa25873d000 r--p 00053000 08:06 2773489                    /usr/lib/libgobject-2.0.so.0.5800.0
7fa25873d000-7fa25873e000 rw-p 00054000 08:06 2773489                    /usr/lib/libgobject-2.0.so.0.5800.0
7fa25873e000-7fa258745000 r--p 00000000 08:06 2785446                    /usr/lib/libfontconfig.so.1.11.1
7fa258745000-7fa258768000 r-xp 00007000 08:06 2785446                    /usr/lib/libfontconfig.so.1.11.1
7fa258768000-7fa25877f000 r--p 0002a000 08:06 2785446                    /usr/lib/libfontconfig.so.1.11.1
7fa25877f000-7fa258780000 ---p 00041000 08:06 2785446                    /usr/lib/libfontconfig.so.1.11.1
7fa258780000-7fa258782000 r--p 00041000 08:06 2785446                    /usr/lib/libfontconfig.so.1.11.1
7fa258782000-7fa258783000 rw-p 00043000 08:06 2785446                    /usr/lib/libfontconfig.so.1.11.1
7fa258783000-7fa258844000 r-xp 00000000 08:06 2785390                    /usr/lib/libfreetype.so.6.16.1
7fa258844000-7fa258a44000 ---p 000c1000 08:06 2785390                    /usr/lib/libfreetype.so.6.16.1
7fa258a44000-7fa258a4b000 r--p 000c1000 08:06 2785390                    /usr/lib/libfreetype.so.6.16.1
7fa258a4b000-7fa258a4c000 rw-p 000c8000 08:06 2785390                    /usr/lib/libfreetype.so.6.16.1
7fa258a4c000-7fa258a59000 r--p 00000000 08:06 2785751                    /usr/lib/libpango-1.0.so.0.4200.3
7fa258a59000-7fa258a7c000 r-xp 0000d000 08:06 2785751                    /usr/lib/libpango-1.0.so.0.4200.3
7fa258a7c000-7fa258a91000 r--p 00030000 08:06 2785751                    /usr/lib/libpango-1.0.so.0.4200.3
7fa258a91000-7fa258a94000 r--p 00044000 08:06 2785751                    /usr/lib/libpango-1.0.so.0.4200.3
7fa258a94000-7fa258a95000 rw-p 00047000 08:06 2785751                    /usr/lib/libpango-1.0.so.0.4200.3
7fa258a95000-7fa258bb2000 r-xp 00000000 08:06 2785687                    /usr/lib/libcairo.so.2.11512.0
7fa258bb2000-7fa258db2000 ---p 0011d000 08:06 2785687                    /usr/lib/libcairo.so.2.11512.0
7fa258db2000-7fa258db6000 r--p 0011d000 08:06 2785687                    /usr/lib/libcairo.so.2.11512.0
7fa258db6000-7fa258db7000 rw-p 00121000 08:06 2785687                    /usr/lib/libcairo.so.2.11512.0
7fa258db7000-7fa258db8000 rw-p 00000000 00:00 0 
7fa258db8000-7fa258dbd000 r--p 00000000 08:06 2785755                    /usr/lib/libpangocairo-1.0.so.0.4200.3
7fa258dbd000-7fa258dc3000 r-xp 00005000 08:06 2785755                    /usr/lib/libpangocairo-1.0.so.0.4200.3
7fa258dc3000-7fa258dc5000 r--p 0000b000 08:06 2785755                    /usr/lib/libpangocairo-1.0.so.0.4200.3
7fa258dc5000-7fa258dc6000 ---p 0000d000 08:06 2785755                    /usr/lib/libpangocairo-1.0.so.0.4200.3
7fa258dc6000-7fa258dc7000 r--p 0000d000 08:06 2785755                    /usr/lib/libpangocairo-1.0.so.0.4200.3
7fa258dc7000-7fa258dc8000 rw-p 0000e000 08:06 2785755                    /usr/lib/libpangocairo-1.0.so.0.4200.3
7fa258dc8000-7fa258dce000 r--p 00000000 08:06 2785968                    /usr/lib/libgdk_pixbuf-2.0.so.0.3800.0
7fa258dce000-7fa258de4000 r-xp 00006000 08:06 2785968                    /usr/lib/libgdk_pixbuf-2.0.so.0.3800.0
7fa258de4000-7fa258dec000 r--p 0001c000 08:06 2785968                    /usr/lib/libgdk_pixbuf-2.0.so.0.3800.0
7fa258dec000-7fa258ded000 ---p 00024000 08:06 2785968                    /usr/lib/libgdk_pixbuf-2.0.so.0.3800.0
7fa258ded000-7fa258dee000 r--p 00024000 08:06 2785968                    /usr/lib/libgdk_pixbuf-2.0.so.0.3800.0
7fa258dee000-7fa258def000 rw-p 00025000 08:06 2785968                    /usr/lib/libgdk_pixbuf-2.0.so.0.3800.0
7fa258def000-7fa258df6000 r--p 00000000 08:06 2812705                    /usr/lib/libpangoft2-1.0.so.0.4200.3
7fa258df6000-7fa258dff000 r-xp 00007000 08:06 2812705                    /usr/lib/libpangoft2-1.0.so.0.4200.3
7fa258dff000-7fa258e03000 r--p 00010000 08:06 2812705                    /usr/lib/libpangoft2-1.0.so.0.4200.3
7fa258e03000-7fa258e04000 r--p 00013000 08:06 2812705                    /usr/lib/libpangoft2-1.0.so.0.4200.3
7fa258e04000-7fa258e05000 rw-p 00014000 08:06 2812705                    /usr/lib/libpangoft2-1.0.so.0.4200.3
7fa258e05000-7fa258e3a000 r--p 00000000 08:06 2773476                    /usr/lib/libgio-2.0.so.0.5800.0
7fa258e3a000-7fa258f25000 r-xp 00035000 08:06 2773476                    /usr/lib/libgio-2.0.so.0.5800.0
7fa258f25000-7fa258f9c000 r--p 00120000 08:06 2773476                    /usr/lib/libgio-2.0.so.0.5800.0
7fa258f9c000-7fa258f9d000 ---p 00197000 08:06 2773476                    /usr/lib/libgio-2.0.so.0.5800.0
7fa258f9d000-7fa258fa4000 r--p 00197000 08:06 2773476                    /usr/lib/libgio-2.0.so.0.5800.0
7fa258fa4000-7fa258fa5000 rw-p 0019e000 08:06 2773476                    /usr/lib/libgio-2.0.so.0.5800.0
7fa258fa5000-7fa258fa7000 rw-p 00000000 00:00 0 
7fa258fa7000-7fa259055000 r-xp 00000000 08:06 2812251                    /usr/lib/libgdk-x11-2.0.so.0.2400.32
7fa259055000-7fa259255000 ---p 000ae000 08:06 2812251                    /usr/lib/libgdk-x11-2.0.so.0.2400.32
7fa259255000-7fa25925a000 r--p 000ae000 08:06 2812251                    /usr/lib/libgdk-x11-2.0.so.0.2400.32
7fa25925a000-7fa25925b000 rw-p 000b3000 08:06 2812251                    /usr/lib/libgdk-x11-2.0.so.0.2400.32
7fa25925b000-7fa25968b000 r-xp 00000000 08:06 2812252                    /usr/lib/libgtk-x11-2.0.so.0.2400.32
7fa25968b000-7fa25988b000 ---p 00430000 08:06 2812252                    /usr/lib/libgtk-x11-2.0.so.0.2400.32
7fa25988b000-7fa259895000 r--p 00430000 08:06 2812252                    /usr/lib/libgtk-x11-2.0.so.0.2400.32
7fa259895000-7fa259896000 rw-p 0043a000 08:06 2812252                    /usr/lib/libgtk-x11-2.0.so.0.2400.32
7fa259896000-7fa259898000 rw-p 00000000 00:00 0 
7fa259898000-7fa2598a4000 r-xp 00000000 08:06 421129                     /usr/lib/jvm/java-8-jdk/jre/lib/amd64/libprism_es2.so
7fa2598a4000-7fa259aa3000 ---p 0000c000 08:06 421129                     /usr/lib/jvm/java-8-jdk/jre/lib/amd64/libprism_es2.so
7fa259aa3000-7fa259aa4000 rw-p 0000b000 08:06 421129                     /usr/lib/jvm/java-8-jdk/jre/lib/amd64/libprism_es2.so
7fa259aa4000-7fa259aa7000 ---p 00000000 00:00 0 
7fa259aa7000-7fa259ba5000 rw-p 00000000 00:00 0 
7fa259ba5000-7fa259c3a000 r--s 0110e000 08:06 421841                     /usr/lib/jvm/java-8-jdk/jre/lib/ext/jfxrt.jar
7fa259c3a000-7fa259c3b000 ---p 00000000 00:00 0 
7fa259c3b000-7fa259d3b000 rw-p 00000000 00:00 0 
7fa259d3b000-7fa259d3e000 ---p 00000000 00:00 0 
7fa259d3e000-7fa259e3c000 rw-p 00000000 00:00 0 
7fa259e3c000-7fa259e3d000 ---p 00000000 00:00 0 
7fa259e3d000-7fa259e40000 ---p 00000000 00:00 0 
7fa259e40000-7fa259f3d000 rw-p 00000000 00:00 0 
7fa259f3d000-7fa259f3e000 ---p 00000000 00:00 0 
7fa259f3e000-7fa259f41000 ---p 00000000 00:00 0 
7fa259f41000-7fa25a03e000 rw-p 00000000 00:00 0 
7fa25a03e000-7fa25a054000 r-xp 00000000 08:06 421122                     /usr/lib/jvm/java-8-jdk/jre/lib/amd64/libnet.so
7fa25a054000-7fa25a254000 ---p 00016000 08:06 421122                     /usr/lib/jvm/java-8-jdk/jre/lib/amd64/libnet.so
7fa25a254000-7fa25a255000 rw-p 00016000 08:06 421122                     /usr/lib/jvm/java-8-jdk/jre/lib/amd64/libnet.so
7fa25a255000-7fa25a256000 ---p 00000000 00:00 0 
7fa25a256000-7fa25a259000 ---p 00000000 00:00 0 
7fa25a259000-7fa25a356000 rw-p 00000000 00:00 0 
7fa25a356000-7fa25a359000 ---p 00000000 00:00 0 
7fa25a359000-7fa25a457000 rw-p 00000000 00:00 0 
7fa25a457000-7fa25a45a000 ---p 00000000 00:00 0 
7fa25a45a000-7fa25a558000 rw-p 00000000 00:00 0 
7fa25a558000-7fa25a83d000 r--p 00000000 08:06 2794304                    /usr/lib/locale/locale-archive
7fa25a83d000-7fa25a840000 ---p 00000000 00:00 0 
7fa25a840000-7fa25a93e000 rw-p 00000000 00:00 0 
7fa25a93e000-7fa25a941000 ---p 00000000 00:00 0 
7fa25a941000-7fa25aa3f000 rw-p 00000000 00:00 0 
7fa25aa3f000-7fa25aa40000 ---p 00000000 00:00 0 
7fa25aa40000-7fa25ba4f000 rw-p 00000000 00:00 0 
7fa25ba4f000-7fa25bc29000 r--s 03d6b000 08:06 425239                     /usr/lib/jvm/java-8-jdk/jre/lib/rt.jar
7fa25bc29000-7fa25c000000 rw-p 00000000 00:00 0 
7fa25c000000-7fa25c021000 rw-p 00000000 00:00 0 
7fa25c021000-7fa260000000 ---p 00000000 00:00 0 
7fa260000000-7fa260001000 rw-s 00000000 00:18 203719                     /i915 (deleted)
7fa260001000-7fa260002000 rw-s 00000000 00:18 204060                     /i915 (deleted)
7fa260002000-7fa260003000 r--p 00000000 08:06 2773485                    /usr/lib/libgmodule-2.0.so.0.5800.0
7fa260003000-7fa260005000 r-xp 00001000 08:06 2773485                    /usr/lib/libgmodule-2.0.so.0.5800.0
7fa260005000-7fa260006000 r--p 00003000 08:06 2773485                    /usr/lib/libgmodule-2.0.so.0.5800.0
7fa260006000-7fa260007000 r--p 00003000 08:06 2773485                    /usr/lib/libgmodule-2.0.so.0.5800.0
7fa260007000-7fa260008000 rw-p 00004000 08:06 2773485                    /usr/lib/libgmodule-2.0.so.0.5800.0
7fa260008000-7fa260013000 r--p 00000000 08:06 2804085                    /usr/lib/libatk-1.0.so.0.23009.1
7fa260013000-7fa260021000 r-xp 0000b000 08:06 2804085                    /usr/lib/libatk-1.0.so.0.23009.1
7fa260021000-7fa26002c000 r--p 00019000 08:06 2804085                    /usr/lib/libatk-1.0.so.0.23009.1
7fa26002c000-7fa26002d000 ---p 00024000 08:06 2804085                    /usr/lib/libatk-1.0.so.0.23009.1
7fa26002d000-7fa260030000 r--p 00024000 08:06 2804085                    /usr/lib/libatk-1.0.so.0.23009.1
7fa260030000-7fa260031000 rw-p 00027000 08:06 2804085                    /usr/lib/libatk-1.0.so.0.23009.1
7fa260031000-7fa260032000 rw-s 00000000 00:18 201368                     /i915 (deleted)
7fa260033000-7fa260035000 r--p 00000000 08:06 2807786                    /usr/lib/libltdl.so.7.3.1
7fa260035000-7fa26003a000 r-xp 00002000 08:06 2807786                    /usr/lib/libltdl.so.7.3.1
7fa26003a000-7fa26003c000 r--p 00007000 08:06 2807786                    /usr/lib/libltdl.so.7.3.1
7fa26003c000-7fa26003d000 ---p 00009000 08:06 2807786                    /usr/lib/libltdl.so.7.3.1
7fa26003d000-7fa26003e000 r--p 00009000 08:06 2807786                    /usr/lib/libltdl.so.7.3.1
7fa26003e000-7fa26003f000 rw-p 0000a000 08:06 2807786                    /usr/lib/libltdl.so.7.3.1
7fa26003f000-7fa260049000 rw-s 00000000 00:18 203402                     /i915 (deleted)
7fa260049000-7fa26004a000 rw-s 00000000 00:18 201367                     /i915 (deleted)
7fa26004a000-7fa26004b000 rwxp 00000000 00:00 0 
7fa26004b000-7fa26004f000 rw-s 00000000 00:18 203394                     /i915 (deleted)
7fa26004f000-7fa260057000 rw-s 00000000 00:18 203392                     /i915 (deleted)
7fa260057000-7fa260061000 rw-s 00000000 00:18 203391                     /i915 (deleted)
7fa260061000-7fa260063000 r--s 0001a000 08:06 272534                     /usr/share/idea/lib/idea_rt.jar
7fa260063000-7fa260076000 r--s 00345000 08:06 425238                     /usr/lib/jvm/java-8-jdk/jre/lib/resources.jar
7fa260076000-7fa260089000 r--s 000d6000 08:06 425235                     /usr/lib/jvm/java-8-jdk/jre/lib/plugin.jar
7fa260089000-7fa26008e000 r--s 0009d000 08:06 425175                     /usr/lib/jvm/java-8-jdk/jre/lib/jsse.jar
7fa26008e000-7fa260093000 r--s 00084000 08:06 425171                     /usr/lib/jvm/java-8-jdk/jre/lib/jfr.jar
7fa260093000-7fa2600af000 r--s 0020b000 08:06 421254                     /usr/lib/jvm/java-8-jdk/jre/lib/deploy.jar
7fa2600af000-7fa264695000 rw-p 00000000 00:00 0 
7fa264695000-7fa264696000 ---p 00000000 00:00 0 
7fa264696000-7fa264796000 rw-p 00000000 00:00 0 
7fa264796000-7fa264797000 ---p 00000000 00:00 0 
7fa264797000-7fa264897000 rw-p 00000000 00:00 0 
7fa264897000-7fa264898000 ---p 00000000 00:00 0 
7fa264898000-7fa2649c2000 rw-p 00000000 00:00 0 
7fa2649c2000-7fa264c28000 ---p 00000000 00:00 0 
7fa264c28000-7fa264c52000 rw-p 00000000 00:00 0 
7fa264c52000-7fa264eb7000 ---p 00000000 00:00 0 
7fa264eb7000-7fa264edc000 rw-p 00000000 00:00 0 
7fa264edc000-7fa264fff000 ---p 00000000 00:00 0 
7fa264fff000-7fa265000000 rw-p 00000000 00:00 0 
7fa265000000-7fa2657c0000 rwxp 00000000 00:00 0 
7fa2657c0000-7fa274000000 ---p 00000000 00:00 0 
7fa274000000-7fa2743ab000 rw-p 00000000 00:00 0 
7fa2743ab000-7fa278000000 ---p 00000000 00:00 0 
7fa278000000-7fa278001000 r--s 00000000 08:06 425222                     /usr/lib/jvm/java-8-jdk/jre/lib/management-agent.jar
7fa278001000-7fa278003000 r--s 00007000 08:06 425174                     /usr/lib/jvm/java-8-jdk/jre/lib/jfxswt.jar
7fa278003000-7fa2780d4000 rw-p 00000000 00:00 0 
7fa2780d4000-7fa2780d5000 ---p 00000000 00:00 0 
7fa2780d5000-7fa2781f4000 rw-p 00000000 00:00 0 
7fa2781f4000-7fa278595000 ---p 00000000 00:00 0 
7fa278595000-7fa2785b0000 r-xp 00000000 08:06 421139                     /usr/lib/jvm/java-8-jdk/jre/lib/amd64/libzip.so
7fa2785b0000-7fa2787b0000 ---p 0001b000 08:06 421139                     /usr/lib/jvm/java-8-jdk/jre/lib/amd64/libzip.so
7fa2787b0000-7fa2787b1000 rw-p 0001b000 08:06 421139                     /usr/lib/jvm/java-8-jdk/jre/lib/amd64/libzip.so
7fa2787b1000-7fa2787bb000 r-xp 00000000 08:06 404006                     /usr/lib/jvm/java-8-jdk/jre/lib/amd64/libinstrument.so
7fa2787bb000-7fa2789ba000 ---p 0000a000 08:06 404006                     /usr/lib/jvm/java-8-jdk/jre/lib/amd64/libinstrument.so
7fa2789ba000-7fa2789bb000 rw-p 00009000 08:06 404006                     /usr/lib/jvm/java-8-jdk/jre/lib/amd64/libinstrument.so
7fa2789bb000-7fa2789e6000 r-xp 00000000 08:06 404012                     /usr/lib/jvm/java-8-jdk/jre/lib/amd64/libjava.so
7fa2789e6000-7fa278be5000 ---p 0002b000 08:06 404012                     /usr/lib/jvm/java-8-jdk/jre/lib/amd64/libjava.so
7fa278be5000-7fa278be7000 rw-p 0002a000 08:06 404012                     /usr/lib/jvm/java-8-jdk/jre/lib/amd64/libjava.so
7fa278be7000-7fa278bf4000 r-xp 00000000 08:06 421138                     /usr/lib/jvm/java-8-jdk/jre/lib/amd64/libverify.so
7fa278bf4000-7fa278df4000 ---p 0000d000 08:06 421138                     /usr/lib/jvm/java-8-jdk/jre/lib/amd64/libverify.so
7fa278df4000-7fa278df6000 rw-p 0000d000 08:06 421138                     /usr/lib/jvm/java-8-jdk/jre/lib/amd64/libverify.so
7fa278df6000-7fa278df8000 r--p 00000000 08:06 2760964                    /usr/lib/librt-2.28.so
7fa278df8000-7fa278dfc000 r-xp 00002000 08:06 2760964                    /usr/lib/librt-2.28.so
7fa278dfc000-7fa278dfe000 r--p 00006000 08:06 2760964                    /usr/lib/librt-2.28.so
7fa278dfe000-7fa278dff000 r--p 00007000 08:06 2760964                    /usr/lib/librt-2.28.so
7fa278dff000-7fa278e00000 rw-p 00008000 08:06 2760964                    /usr/lib/librt-2.28.so
7fa278e00000-7fa278e01000 ---p 00000000 00:00 0 
7fa278e01000-7fa278e04000 ---p 00000000 00:00 0 
7fa278e04000-7fa278f01000 rw-p 00000000 00:00 0 
7fa278f01000-7fa278f0e000 r--p 00000000 08:06 2760902                    /usr/lib/libm-2.28.so
7fa278f0e000-7fa278faf000 r-xp 0000d000 08:06 2760902                    /usr/lib/libm-2.28.so
7fa278faf000-7fa279084000 r--p 000ae000 08:06 2760902                    /usr/lib/libm-2.28.so
7fa279084000-7fa279085000 r--p 00182000 08:06 2760902                    /usr/lib/libm-2.28.so
7fa279085000-7fa279086000 rw-p 00183000 08:06 2760902                    /usr/lib/libm-2.28.so
7fa279086000-7fa279d62000 r-xp 00000000 08:06 421143                     /usr/lib/jvm/java-8-jdk/jre/lib/amd64/server/libjvm.so
7fa279d62000-7fa279f62000 ---p 00cdc000 08:06 421143                     /usr/lib/jvm/java-8-jdk/jre/lib/amd64/server/libjvm.so
7fa279f62000-7fa27a03c000 rw-p 00cdc000 08:06 421143                     /usr/lib/jvm/java-8-jdk/jre/lib/amd64/server/libjvm.so
7fa27a03c000-7fa27a089000 rw-p 00000000 00:00 0 
7fa27a089000-7fa27a0ab000 r--p 00000000 08:06 2760884                    /usr/lib/libc-2.28.so
7fa27a0ab000-7fa27a1f6000 r-xp 00022000 08:06 2760884                    /usr/lib/libc-2.28.so
7fa27a1f6000-7fa27a242000 r--p 0016d000 08:06 2760884                    /usr/lib/libc-2.28.so
7fa27a242000-7fa27a243000 ---p 001b9000 08:06 2760884                    /usr/lib/libc-2.28.so
7fa27a243000-7fa27a247000 r--p 001b9000 08:06 2760884                    /usr/lib/libc-2.28.so
7fa27a247000-7fa27a249000 rw-p 001bd000 08:06 2760884                    /usr/lib/libc-2.28.so
7fa27a249000-7fa27a24d000 rw-p 00000000 00:00 0 
7fa27a24d000-7fa27a24e000 r--p 00000000 08:06 2760895                    /usr/lib/libdl-2.28.so
7fa27a24e000-7fa27a24f000 r-xp 00001000 08:06 2760895                    /usr/lib/libdl-2.28.so
7fa27a24f000-7fa27a250000 r--p 00002000 08:06 2760895                    /usr/lib/libdl-2.28.so
7fa27a250000-7fa27a251000 r--p 00002000 08:06 2760895                    /usr/lib/libdl-2.28.so
7fa27a251000-7fa27a252000 rw-p 00003000 08:06 2760895                    /usr/lib/libdl-2.28.so
7fa27a252000-7fa27a268000 r-xp 00000000 08:06 403357                     /usr/lib/jvm/java-8-jdk/jre/lib/amd64/jli/libjli.so
7fa27a268000-7fa27a467000 ---p 00016000 08:06 403357                     /usr/lib/jvm/java-8-jdk/jre/lib/amd64/jli/libjli.so
7fa27a467000-7fa27a468000 rw-p 00015000 08:06 403357                     /usr/lib/jvm/java-8-jdk/jre/lib/amd64/jli/libjli.so
7fa27a468000-7fa27a46e000 r--p 00000000 08:06 2760954                    /usr/lib/libpthread-2.28.so
7fa27a46e000-7fa27a47d000 r-xp 00006000 08:06 2760954                    /usr/lib/libpthread-2.28.so
7fa27a47d000-7fa27a483000 r--p 00015000 08:06 2760954                    /usr/lib/libpthread-2.28.so
7fa27a483000-7fa27a484000 r--p 0001a000 08:06 2760954                    /usr/lib/libpthread-2.28.so
7fa27a484000-7fa27a485000 rw-p 0001b000 08:06 2760954                    /usr/lib/libpthread-2.28.so
7fa27a485000-7fa27a48b000 rw-p 00000000 00:00 0 
7fa27a48b000-7fa27a48e000 r--s 0001a000 08:06 425168                     /usr/lib/jvm/java-8-jdk/jre/lib/jce.jar
7fa27a48e000-7fa27a497000 r--s 0006d000 08:06 425167                     /usr/lib/jvm/java-8-jdk/jre/lib/javaws.jar
7fa27a497000-7fa27a49c000 r--s 002f9000 08:06 421146                     /usr/lib/jvm/java-8-jdk/jre/lib/charsets.jar
7fa27a49c000-7fa27a4a4000 rw-s 00000000 00:2c 203385                     /tmp/hsperfdata_oakenbow/6982
7fa27a4a4000-7fa27a4a7000 r--p 00000000 08:06 2760944                    /usr/lib/libnss_files-2.28.so
7fa27a4a7000-7fa27a4ae000 r-xp 00003000 08:06 2760944                    /usr/lib/libnss_files-2.28.so
7fa27a4ae000-7fa27a4b1000 r--p 0000a000 08:06 2760944                    /usr/lib/libnss_files-2.28.so
7fa27a4b1000-7fa27a4b2000 r--p 0000c000 08:06 2760944                    /usr/lib/libnss_files-2.28.so
7fa27a4b2000-7fa27a4b3000 rw-p 0000d000 08:06 2760944                    /usr/lib/libnss_files-2.28.so
7fa27a4b3000-7fa27a4ba000 rw-p 00000000 00:00 0 
7fa27a4ba000-7fa27a4bb000 r--p 00000000 00:00 0 
7fa27a4bb000-7fa27a4bd000 r--p 00000000 08:06 2760872                    /usr/lib/ld-2.28.so
7fa27a4bd000-7fa27a4dc000 r-xp 00002000 08:06 2760872                    /usr/lib/ld-2.28.so
7fa27a4dc000-7fa27a4e4000 r--p 00021000 08:06 2760872                    /usr/lib/ld-2.28.so
7fa27a4e4000-7fa27a4e5000 r--p 00028000 08:06 2760872                    /usr/lib/ld-2.28.so
7fa27a4e5000-7fa27a4e6000 rw-p 00029000 08:06 2760872                    /usr/lib/ld-2.28.so
7fa27a4e6000-7fa27a4e7000 rw-p 00000000 00:00 0 
7ffe7b496000-7ffe7b4b7000 rw-p 00000000 00:00 0                          [stack]
7ffe7b52e000-7ffe7b531000 r--p 00000000 00:00 0                          [vvar]
7ffe7b531000-7ffe7b533000 r-xp 00000000 00:00 0                          [vdso]

VM Arguments:
jvm_args: -javaagent:/usr/share/idea/lib/idea_rt.jar=36685:/usr/share/idea/bin -Dfile.encoding=UTF-8 
java_command: MultiScene
java_class_path (initial): /usr/lib/jvm/java-8-jdk/jre/lib/charsets.jar:/usr/lib/jvm/java-8-jdk/jre/lib/deploy.jar:/usr/lib/jvm/java-8-jdk/jre/lib/ext/cldrdata.jar:/usr/lib/jvm/java-8-jdk/jre/lib/ext/dnsns.jar:/usr/lib/jvm/java-8-jdk/jre/lib/ext/jaccess.jar:/usr/lib/jvm/java-8-jdk/jre/lib/ext/jfxrt.jar:/usr/lib/jvm/java-8-jdk/jre/lib/ext/localedata.jar:/usr/lib/jvm/java-8-jdk/jre/lib/ext/nashorn.jar:/usr/lib/jvm/java-8-jdk/jre/lib/ext/sunec.jar:/usr/lib/jvm/java-8-jdk/jre/lib/ext/sunjce_provider.jar:/usr/lib/jvm/java-8-jdk/jre/lib/ext/sunpkcs11.jar:/usr/lib/jvm/java-8-jdk/jre/lib/ext/zipfs.jar:/usr/lib/jvm/java-8-jdk/jre/lib/javaws.jar:/usr/lib/jvm/java-8-jdk/jre/lib/jce.jar:/usr/lib/jvm/java-8-jdk/jre/lib/jfr.jar:/usr/lib/jvm/java-8-jdk/jre/lib/jfxswt.jar:/usr/lib/jvm/java-8-jdk/jre/lib/jsse.jar:/usr/lib/jvm/java-8-jdk/jre/lib/management-agent.jar:/usr/lib/jvm/java-8-jdk/jre/lib/plugin.jar:/usr/lib/jvm/java-8-jdk/jre/lib/resources.jar:/usr/lib/jvm/java-8-jdk/jre/lib/rt.jar:/home/oakenbow/Projects/CSIS-335-Projects/Program3MultipleScenes/out/production/Program3MultipleScenes:/usr/share/idea/lib/idea_rt.jar
Launcher Type: SUN_STANDARD

Environment Variables:
PATH=/usr/local/sbin:/usr/local/bin:/usr/bin:/var/lib/flatpak/exports/bin:/usr/lib/jvm/default/bin:/usr/bin/site_perl:/usr/bin/vendor_perl:/usr/bin/core_perl
SHELL=/bin/zsh
DISPLAY=:0

Signal Handlers:
SIGSEGV: [libjvm.so+0xad2a40], sa_mask[0]=11111111011111111101111111111110, sa_flags=SA_RESTART|SA_SIGINFO
SIGBUS: [libjvm.so+0xad2a40], sa_mask[0]=11111111011111111101111111111110, sa_flags=SA_RESTART|SA_SIGINFO
SIGFPE: [libjvm.so+0x92a610], sa_mask[0]=11111111011111111101111111111110, sa_flags=SA_RESTART|SA_SIGINFO
SIGPIPE: SIG_IGN, sa_mask[0]=00000000000010000000000000000000, sa_flags=SA_RESTART
SIGXFSZ: [libjvm.so+0x92a610], sa_mask[0]=11111111011111111101111111111110, sa_flags=SA_RESTART|SA_SIGINFO
SIGILL: [libjvm.so+0x92a610], sa_mask[0]=11111111011111111101111111111110, sa_flags=SA_RESTART|SA_SIGINFO
SIGUSR1: SIG_DFL, sa_mask[0]=00000000000000000000000000000000, sa_flags=none
SIGUSR2: [libjvm.so+0x92be70], sa_mask[0]=00100000000000000000000000000000, sa_flags=SA_RESTART|SA_SIGINFO
SIGHUP: [libjvm.so+0x92d270], sa_mask[0]=11111111011111111101111111111110, sa_flags=SA_RESTART|SA_SIGINFO
SIGINT: [libjvm.so+0x92d270], sa_mask[0]=11111111011111111101111111111110, sa_flags=SA_RESTART|SA_SIGINFO
SIGTERM: [libjvm.so+0x92d270], sa_mask[0]=11111111011111111101111111111110, sa_flags=SA_RESTART|SA_SIGINFO
SIGQUIT: [libjvm.so+0x92d270], sa_mask[0]=11111111011111111101111111111110, sa_flags=SA_RESTART|SA_SIGINFO


---------------  S Y S T E M  ---------------

OS:NAME="Arch Linux"
PRETTY_NAME="Arch Linux"
ID=arch
ID_LIKE=archlinux
ANSI_COLOR="0;36"
HOME_URL="https://www.archlinux.org/"
SUPPORT_URL="https://bbs.archlinux.org/"
BUG_REPORT_URL="https://bugs.archlinux.org/"

uname:Linux 4.18.8-arch1-1-ARCH #1 SMP PREEMPT Sat Sep 15 20:34:48 UTC 2018 x86_64
libc:glibc 2.28 NPTL 2.28 
rlimit: STACK 8192k, CORE infinity, NPROC 30514, NOFILE 4096, AS infinity
load average:0.54 0.43 0.43

/proc/meminfo:
MemTotal:        8052224 kB
MemFree:         4403364 kB
MemAvailable:    5442792 kB
Buffers:          129328 kB
Cached:          1427648 kB
SwapCached:            0 kB
Active:          2401900 kB
Inactive:         998088 kB
Active(anon):    1844808 kB
Inactive(anon):   340628 kB
Active(file):     557092 kB
Inactive(file):   657460 kB
Unevictable:         616 kB
Mlocked:             616 kB
SwapTotal:             0 kB
SwapFree:              0 kB
Dirty:                76 kB
Writeback:             0 kB
AnonPages:       1843948 kB
Mapped:           408032 kB
Shmem:            342172 kB
Slab:             142280 kB
SReclaimable:      97396 kB
SUnreclaim:        44884 kB
KernelStack:        8144 kB
PageTables:        20468 kB
NFS_Unstable:          0 kB
Bounce:                0 kB
WritebackTmp:          0 kB
CommitLimit:     4026112 kB
Committed_AS:    5826928 kB
VmallocTotal:   34359738367 kB
VmallocUsed:           0 kB
VmallocChunk:          0 kB
HardwareCorrupted:     0 kB
AnonHugePages:         0 kB
ShmemHugePages:        0 kB
ShmemPmdMapped:        0 kB
HugePages_Total:       0
HugePages_Free:        0
HugePages_Rsvd:        0
HugePages_Surp:        0
Hugepagesize:       2048 kB
Hugetlb:               0 kB
DirectMap4k:      117308 kB
DirectMap2M:     5007360 kB
DirectMap1G:     3145728 kB


CPU:total 4 (initial active 4) (2 cores per cpu, 2 threads per core) family 6 model 78 stepping 3, cmov, cx8, fxsr, mmx, sse, sse2, sse3, ssse3, sse4.1, sse4.2, popcnt, avx, avx2, aes, clmul, erms, 3dnowpref, lzcnt, ht, tsc, tscinvbit, bmi1, bmi2, adx

/proc/cpuinfo:
processor	: 0
vendor_id	: GenuineIntel
cpu family	: 6
model		: 78
model name	: Intel(R) Core(TM) i5-6200U CPU @ 2.30GHz
stepping	: 3
microcode	: 0x2d
cpu MHz		: 2688.098
cache size	: 3072 KB
physical id	: 0
siblings	: 4
core id		: 0
cpu cores	: 2
apicid		: 0
initial apicid	: 0
fpu		: yes
fpu_exception	: yes
cpuid level	: 22
wp		: yes
flags		: fpu vme de pse tsc msr pae mce cx8 apic sep mtrr pge mca cmov pat pse36 clflush dts acpi mmx fxsr sse sse2 ss ht tm pbe syscall nx pdpe1gb rdtscp lm constant_tsc art arch_perfmon pebs bts rep_good nopl xtopology nonstop_tsc cpuid aperfmperf tsc_known_freq pni pclmulqdq dtes64 monitor ds_cpl vmx est tm2 ssse3 sdbg fma cx16 xtpr pdcm pcid sse4_1 sse4_2 x2apic movbe popcnt aes xsave avx f16c rdrand lahf_lm abm 3dnowprefetch cpuid_fault epb invpcid_single pti tpr_shadow vnmi flexpriority ept vpid fsgsbase tsc_adjust bmi1 avx2 smep bmi2 erms invpcid mpx rdseed adx smap clflushopt intel_pt xsaveopt xsavec xgetbv1 xsaves dtherm ida arat pln pts hwp hwp_notify hwp_act_window hwp_epp
bugs		: cpu_meltdown spectre_v1 spectre_v2 spec_store_bypass l1tf
bogomips	: 4801.00
clflush size	: 64
cache_alignment	: 64
address sizes	: 39 bits physical, 48 bits virtual
power management:

processor	: 1
vendor_id	: GenuineIntel
cpu family	: 6
model		: 78
model name	: Intel(R) Core(TM) i5-6200U CPU @ 2.30GHz
stepping	: 3
microcode	: 0x2d
cpu MHz		: 2692.883
cache size	: 3072 KB
physical id	: 0
siblings	: 4
core id		: 1
cpu cores	: 2
apicid		: 2
initial apicid	: 2
fpu		: yes
fpu_exception	: yes
cpuid level	: 22
wp		: yes
flags		: fpu vme de pse tsc msr pae mce cx8 apic sep mtrr pge mca cmov pat pse36 clflush dts acpi mmx fxsr sse sse2 ss ht tm pbe syscall nx pdpe1gb rdtscp lm constant_tsc art arch_perfmon pebs bts rep_good nopl xtopology nonstop_tsc cpuid aperfmperf tsc_known_freq pni pclmulqdq dtes64 monitor ds_cpl vmx est tm2 ssse3 sdbg fma cx16 xtpr pdcm pcid sse4_1 sse4_2 x2apic movbe popcnt aes xsave avx f16c rdrand lahf_lm abm 3dnowprefetch cpuid_fault epb invpcid_single pti tpr_shadow vnmi flexpriority ept vpid fsgsbase tsc_adjust bmi1 avx2 smep bmi2 erms invpcid mpx rdseed adx smap clflushopt intel_pt xsaveopt xsavec xgetbv1 xsaves dtherm ida arat pln pts hwp hwp_notify hwp_act_window hwp_epp
bugs		: cpu_meltdown spectre_v1 spectre_v2 spec_store_bypass l1tf
bogomips	: 4801.00
clflush size	: 64
cache_alignment	: 64
address sizes	: 39 bits physical, 48 bits virtual
power management:

processor	: 2
vendor_id	: GenuineIntel
cpu family	: 6
model		: 78
model name	: Intel(R) Core(TM) i5-6200U CPU @ 2.30GHz
stepping	: 3
microcode	: 0x2d
cpu MHz		: 2690.912
cache size	: 3072 KB
physical id	: 0
siblings	: 4
core id		: 0
cpu cores	: 2
apicid		: 1
initial apicid	: 1
fpu		: yes
fpu_exception	: yes
cpuid level	: 22
wp		: yes
flags		: fpu vme de pse tsc msr pae mce cx8 apic sep mtrr pge mca cmov pat pse36 clflush dts acpi mmx fxsr sse sse2 ss ht tm pbe syscall nx pdpe1gb rdtscp lm constant_tsc art arch_perfmon pebs bts rep_good nopl xtopology nonstop_tsc cpuid aperfmperf tsc_known_freq pni pclmulqdq dtes64 monitor ds_cpl vmx est tm2 ssse3 sdbg fma cx16 xtpr pdcm pcid sse4_1 sse4_2 x2apic movbe popcnt aes xsave avx f16c rdrand lahf_lm abm 3dnowprefetch cpuid_fault epb invpcid_single pti tpr_shadow vnmi flexpriority ept vpid fsgsbase tsc_adjust bmi1 avx2 smep bmi2 erms invpcid mpx rdseed adx smap clflushopt intel_pt xsaveopt xsavec xgetbv1 xsaves dtherm ida arat pln pts hwp hwp_notify hwp_act_window hwp_epp
bugs		: cpu_meltdown spectre_v1 spectre_v2 spec_store_bypass l1tf
bogomips	: 4801.00
clflush size	: 64
cache_alignment	: 64
address sizes	: 39 bits physical, 48 bits virtual
power management:

processor	: 3
vendor_id	: GenuineIntel
cpu family	: 6
model		: 78
model name	: Intel(R) Core(TM) i5-6200U CPU @ 2.30GHz
stepping	: 3
microcode	: 0x2d
cpu MHz		: 2632.937
cache size	: 3072 KB
physical id	: 0
siblings	: 4
core id		: 1
cpu cores	: 2
apicid		: 3
initial apicid	: 3
fpu		: yes
fpu_exception	: yes
cpuid level	: 22
wp		: yes
flags		: fpu vme de pse tsc msr pae mce cx8 apic sep mtrr pge mca cmov pat pse36 clflush dts acpi mmx fxsr sse sse2 ss ht tm pbe syscall nx pdpe1gb rdtscp lm constant_tsc art arch_perfmon pebs bts rep_good nopl xtopology nonstop_tsc cpuid aperfmperf tsc_known_freq pni pclmulqdq dtes64 monitor ds_cpl vmx est tm2 ssse3 sdbg fma cx16 xtpr pdcm pcid sse4_1 sse4_2 x2apic movbe popcnt aes xsave avx f16c rdrand lahf_lm abm 3dnowprefetch cpuid_fault epb invpcid_single pti tpr_shadow vnmi flexpriority ept vpid fsgsbase tsc_adjust bmi1 avx2 smep bmi2 erms invpcid mpx rdseed adx smap clflushopt intel_pt xsaveopt xsavec xgetbv1 xsaves dtherm ida arat pln pts hwp hwp_notify hwp_act_window hwp_epp
bugs		: cpu_meltdown spectre_v1 spectre_v2 spec_store_bypass l1tf
bogomips	: 4801.00
clflush size	: 64
cache_alignment	: 64
address sizes	: 39 bits physical, 48 bits virtual
power management:



Memory: 4k page, physical 8052224k(4403364k free), swap 0k(0k free)

vm_info: Java HotSpot(TM) 64-Bit Server VM (25.181-b13) for linux-amd64 JRE (1.8.0_181-b13), built on Jul  7 2018 00:56:38 by "java_re" with gcc 4.3.0 20080428 (Red Hat 4.3.0-8)

time: Thu Sep 20 09:05:56 2018
elapsed time: 187 seconds (0d 0h 3m 7s)

